#
# There is insufficient memory for the Java Runtime Environment to continue.
# Native memory allocation (mmap) failed to map 55574528 bytes. Error detail: G1 virtual space
# Possible reasons:
#   The system is out of physical RAM or swap space
#   This process is running with CompressedOops enabled, and the Java Heap may be blocking the growth of the native heap
# Possible solutions:
#   Reduce memory load on the system
#   Increase physical memory or swap space
#   Check if swap backing store is full
#   Decrease Java heap size (-Xmx/-Xms)
#   Decrease number of Java threads
#   Decrease Java thread stack sizes (-Xss)
#   Set larger code cache with -XX:ReservedCodeCacheSize=
#   JVM is running with Unscaled Compressed Oops mode in which the Java heap is
#     placed in the first 4GB address space. The Java Heap base address is the
#     maximum limit for the native heap growth. Please use -XX:HeapBaseMinAddress
#     to set the Java Heap base and to place the Java Heap above 4GB virtual address.
# This output file may be truncated or incomplete.
#
#  Out of Memory Error (os_windows.cpp:3707), pid=11912, tid=1384
#
# JRE version: Java(TM) SE Runtime Environment (23.0.2+7) (build 23.0.2+7-58)
# Java VM: Java HotSpot(TM) 64-Bit Server VM (23.0.2+7-58, mixed mode, sharing, tiered, compressed oops, compressed class ptrs, g1 gc, windows-amd64)
# No core dump will be written. Minidumps are not enabled by default on client versions of Windows
#

---------------  S U M M A R Y ------------

Command Line: --enable-preview -javaagent:C:\Program Files\JetBrains\IntelliJ IDEA 2025.3.3\lib\idea_rt.jar=51432 -Dfile.encoding=UTF-8 -Dsun.stdout.encoding=UTF-8 -Dsun.stderr.encoding=UTF-8 Welcome

Host: Intel(R) N100, 4 cores, 7G,  Windows 10 , 64 bit Build 19041 (10.0.19041.3570)
Time: Thu May 28 11:56:16 2026 Hora de Ver緌 Europa Central elapsed time: 4.791361 seconds (0d 0h 0m 4s)

---------------  T H R E A D  ---------------

Current thread (0x0000015dcb5a2500):  VMThread "VM Thread"          [id=1384, stack(0x0000005cd5300000,0x0000005cd5400000) (1024K)]

Stack: [0x0000005cd5300000,0x0000005cd5400000]
Native frames: (J=compiled Java code, j=interpreted, Vv=VM code, C=native code)
V  [jvm.dll+0x6e0b99]  (no source info available)
V  [jvm.dll+0x87e2b3]  (no source info available)
V  [jvm.dll+0x88073e]  (no source info available)
V  [jvm.dll+0x880e13]  (no source info available)
V  [jvm.dll+0x27b006]  (no source info available)
V  [jvm.dll+0x6dd485]  (no source info available)
V  [jvm.dll+0x6d127a]  (no source info available)
V  [jvm.dll+0x35b50a]  (no source info available)
V  [jvm.dll+0x363916]  (no source info available)
V  [jvm.dll+0x34fe7e]  (no source info available)
V  [jvm.dll+0x350118]  (no source info available)
V  [jvm.dll+0x328aec]  (no source info available)
V  [jvm.dll+0x32b4d9]  (no source info available)
V  [jvm.dll+0x336094]  (no source info available)
V  [jvm.dll+0x372e75]  (no source info available)
V  [jvm.dll+0x886d50]  (no source info available)
V  [jvm.dll+0x888077]  (no source info available)
V  [jvm.dll+0x8885a8]  (no source info available)
V  [jvm.dll+0x888843]  (no source info available)
V  [jvm.dll+0x8254cb]  (no source info available)
V  [jvm.dll+0x6df345]  (no source info available)
C  [ucrtbase.dll+0x21bb2]  (no source info available)
C  [KERNEL32.DLL+0x17344]  (no source info available)
C  [ntdll.dll+0x526b1]  (no source info available)

VM_Operation (0x0000005cd4eff9e0): G1PauseRemark, mode: safepoint, requested by thread 0x0000015dad0dddd0


---------------  P R O C E S S  ---------------

Threads class SMR info:
_java_thread_list=0x0000015e13659a10, length=17, elements={
0x0000015dcb5b8a30, 0x0000015dcb5bb910, 0x0000015dcb5bd9e0, 0x0000015dcb5be5f0,
0x0000015dcb5bf050, 0x0000015dcb5bfe10, 0x0000015dcb5cc260, 0x0000015dcb5ee340,
0x0000015dcb6d3030, 0x0000015dcb845fe0, 0x0000015dcb846650, 0x0000015dcb95deb0,
0x0000015dcb981630, 0x0000015dcb9d2730, 0x0000015e1362b7f0, 0x0000015dcb980510,
0x0000015dad10a7e0
}

Java Threads: ( => current thread )
  0x0000015dcb5b8a30 JavaThread "Reference Handler"          daemon [_thread_blocked, id=1968, stack(0x0000005cd5400000,0x0000005cd5500000) (1024K)]
  0x0000015dcb5bb910 JavaThread "Finalizer"                  daemon [_thread_blocked, id=11872, stack(0x0000005cd5500000,0x0000005cd5600000) (1024K)]
  0x0000015dcb5bd9e0 JavaThread "Signal Dispatcher"          daemon [_thread_blocked, id=11024, stack(0x0000005cd5600000,0x0000005cd5700000) (1024K)]
  0x0000015dcb5be5f0 JavaThread "Attach Listener"            daemon [_thread_blocked, id=17700, stack(0x0000005cd5700000,0x0000005cd5800000) (1024K)]
  0x0000015dcb5bf050 JavaThread "Service Thread"             daemon [_thread_blocked, id=16972, stack(0x0000005cd5800000,0x0000005cd5900000) (1024K)]
  0x0000015dcb5bfe10 JavaThread "Monitor Deflation Thread"   daemon [_thread_blocked, id=15496, stack(0x0000005cd5900000,0x0000005cd5a00000) (1024K)]
  0x0000015dcb5cc260 JavaThread "C2 CompilerThread0"         daemon [_thread_blocked, id=2252, stack(0x0000005cd5a00000,0x0000005cd5b00000) (1024K)]
  0x0000015dcb5ee340 JavaThread "C1 CompilerThread0"         daemon [_thread_blocked, id=4580, stack(0x0000005cd5b00000,0x0000005cd5c00000) (1024K)]
  0x0000015dcb6d3030 JavaThread "Common-Cleaner"             daemon [_thread_blocked, id=11288, stack(0x0000005cd5c00000,0x0000005cd5d00000) (1024K)]
  0x0000015dcb845fe0 JavaThread "Monitor Ctrl-Break"         daemon [_thread_in_native, id=5152, stack(0x0000005cd5d00000,0x0000005cd5e00000) (1024K)]
  0x0000015dcb846650 JavaThread "Notification Thread"        daemon [_thread_blocked, id=5800, stack(0x0000005cd5e00000,0x0000005cd5f00000) (1024K)]
  0x0000015dcb95deb0 JavaThread "Java2D Disposer"            daemon [_thread_blocked, id=19416, stack(0x0000005cd5f00000,0x0000005cd6000000) (1024K)]
  0x0000015dcb981630 JavaThread "AWT-Windows"                daemon [_thread_blocked, id=5652, stack(0x0000005cd6100000,0x0000005cd6200000) (1024K)]
  0x0000015dcb9d2730 JavaThread "Image Fetcher 0"            daemon [_thread_blocked, id=5044, stack(0x0000005cd6200000,0x0000005cd6300000) (1024K)]
  0x0000015e1362b7f0 JavaThread "AWT-Shutdown"                      [_thread_blocked, id=18200, stack(0x0000005cd6000000,0x0000005cd6100000) (1024K)]
  0x0000015dcb980510 JavaThread "AWT-EventQueue-0"                  [_thread_blocked, id=19736, stack(0x0000005cd6600000,0x0000005cd6700000) (1024K)]
  0x0000015dad10a7e0 JavaThread "DestroyJavaVM"                     [_thread_blocked, id=3908, stack(0x0000005cd4c00000,0x0000005cd4d00000) (1024K)]
Total: 17

Other Threads:
=>0x0000015dcb5a2500 VMThread "VM Thread"                           [id=1384, stack(0x0000005cd5300000,0x0000005cd5400000) (1024K)]
  0x0000015dcb5902d0 WatcherThread "VM Periodic Task Thread"        [id=15896, stack(0x0000005cd5200000,0x0000005cd5300000) (1024K)]
  0x0000015dad162e00 WorkerThread "GC Thread#0"                     [id=14672, stack(0x0000005cd4d00000,0x0000005cd4e00000) (1024K)]
  0x0000015dcba10540 WorkerThread "GC Thread#1"                     [id=20220, stack(0x0000005cd6300000,0x0000005cd6400000) (1024K)]
  0x0000015dcba108f0 WorkerThread "GC Thread#2"                     [id=3104, stack(0x0000005cd6400000,0x0000005cd6500000) (1024K)]
  0x0000015dcba10ca0 WorkerThread "GC Thread#3"                     [id=1556, stack(0x0000005cd6500000,0x0000005cd6600000) (1024K)]
  0x0000015dad0dddd0 ConcurrentGCThread "G1 Main Marker"            [id=1600, stack(0x0000005cd4e00000,0x0000005cd4f00000) (1024K)]
  0x0000015dad0deb50 WorkerThread "G1 Conc#0"                       [id=7352, stack(0x0000005cd4f00000,0x0000005cd5000000) (1024K)]
  0x0000015dcb4624c0 ConcurrentGCThread "G1 Refine#0"               [id=15244, stack(0x0000005cd5000000,0x0000005cd5100000) (1024K)]
  0x0000015dad1de2b0 ConcurrentGCThread "G1 Service"                [id=19044, stack(0x0000005cd5100000,0x0000005cd5200000) (1024K)]
Total: 10

Threads with active compile tasks:
Total: 0

VM state: at safepoint (normal execution)

VM Mutex/Monitor currently owned by a thread:  ([mutex/lock_event])
[0x00007ffe44bf4888] Threads_lock - owner thread: 0x0000015dcb5a2500
[0x00007ffe44bf4988] Heap_lock - owner thread: 0x0000015dad0dddd0

Heap address: 0x0000000083e00000, size: 1986 MB, Compressed Oops mode: 32-bit

CDS archive(s) mapped at: [0x0000015dcc000000-0x0000015dccd70000-0x0000015dccd70000), size 14090240, SharedBaseAddress: 0x0000015dcc000000, ArchiveRelocationMode: 1.
Compressed class space mapped at: 0x0000015dcd000000-0x0000015e0d000000, reserved size: 1073741824
Narrow klass base: 0x0000015dcc000000, Narrow klass shift: 0, Narrow klass range: 0x41000000

GC Precious Log:
 CardTable entry size: 512
 Card Set container configuration: InlinePtr #cards 5 size 8 Array Of Cards #cards 10 size 36 Howl #buckets 4 coarsen threshold 1843 Howl Bitmap #cards 512 size 80 coarsen threshold 460 Card regions per heap region 1 cards per card region 2048
 CPUs: 4 total, 4 available
 Memory: 7936M
 Large Page Support: Disabled
 NUMA Support: Disabled
 Compressed Oops: Enabled (32-bit)
 Heap Region Size: 1M
 Heap Min Capacity: 8M
 Heap Initial Capacity: 126M
 Heap Max Capacity: 1986M
 Pre-touch: Disabled
 Parallel Workers: 4
 Concurrent Workers: 1
 Concurrent Refinement Workers: 4
 Periodic GC: Disabled

Heap:
 garbage-first heap   total reserved 2033664K, committed 130048K, used 110078K [0x0000000083e00000, 0x0000000100000000)
  region size 1024K, 3 young (3072K), 1 survivors (1024K)
 Metaspace       used 9583K, committed 9792K, reserved 1114112K
  class space    used 1164K, committed 1216K, reserved 1048576K

Heap Regions: E=young(eden), S=young(survivor), O=old, HS=humongous(starts), HC=humongous(continues), CS=collection set, F=free, TAMS=top-at-mark-start, PB=parsable bottom
|   0|0x0000000083e00000, 0x0000000083f00000, 0x0000000083f00000|100%|HS|  |TAMS 0x0000000083f00000| PB 0x0000000083e00000| Complete |  0
|   1|0x0000000083f00000, 0x0000000084000000, 0x0000000084000000|100%|HC|  |TAMS 0x0000000084000000| PB 0x0000000083f00000| Complete |  0
|   2|0x0000000084000000, 0x0000000084100000, 0x0000000084100000|100%|HC|  |TAMS 0x0000000084100000| PB 0x0000000084000000| Complete |  0
|   3|0x0000000084100000, 0x0000000084200000, 0x0000000084200000|100%|HC|  |TAMS 0x0000000084200000| PB 0x0000000084100000| Complete |  0
|   4|0x0000000084200000, 0x0000000084300000, 0x0000000084300000|100%|HC|  |TAMS 0x0000000084300000| PB 0x0000000084200000| Complete |  0
|   5|0x0000000084300000, 0x0000000084400000, 0x0000000084400000|100%|HC|  |TAMS 0x0000000084400000| PB 0x0000000084300000| Complete |  0
|   6|0x0000000084400000, 0x0000000084500000, 0x0000000084500000|100%|HC|  |TAMS 0x0000000084500000| PB 0x0000000084400000| Complete |  0
|   7|0x0000000084500000, 0x0000000084600000, 0x0000000084600000|100%|HC|  |TAMS 0x0000000084600000| PB 0x0000000084500000| Complete |  0
|   8|0x0000000084600000, 0x0000000084700000, 0x0000000084700000|100%|HC|  |TAMS 0x0000000084700000| PB 0x0000000084600000| Complete |  0
|   9|0x0000000084700000, 0x0000000084800000, 0x0000000084800000|100%|HC|  |TAMS 0x0000000084800000| PB 0x0000000084700000| Complete |  0
|  10|0x0000000084800000, 0x0000000084900000, 0x0000000084900000|100%|HC|  |TAMS 0x0000000084900000| PB 0x0000000084800000| Complete |  0
|  11|0x0000000084900000, 0x0000000084a00000, 0x0000000084a00000|100%|HC|  |TAMS 0x0000000084a00000| PB 0x0000000084900000| Complete |  0
|  12|0x0000000084a00000, 0x0000000084b00000, 0x0000000084b00000|100%|HC|  |TAMS 0x0000000084b00000| PB 0x0000000084a00000| Complete |  0
|  13|0x0000000084b00000, 0x0000000084c00000, 0x0000000084c00000|100%|HC|  |TAMS 0x0000000084c00000| PB 0x0000000084b00000| Complete |  0
|  14|0x0000000084c00000, 0x0000000084d00000, 0x0000000084d00000|100%|HC|  |TAMS 0x0000000084d00000| PB 0x0000000084c00000| Complete |  0
|  15|0x0000000084d00000, 0x0000000084e00000, 0x0000000084e00000|100%|HC|  |TAMS 0x0000000084e00000| PB 0x0000000084d00000| Complete |  0
|  16|0x0000000084e00000, 0x0000000084f00000, 0x0000000084f00000|100%|HC|  |TAMS 0x0000000084f00000| PB 0x0000000084e00000| Complete |  0
|  17|0x0000000084f00000, 0x0000000085000000, 0x0000000085000000|100%|HC|  |TAMS 0x0000000085000000| PB 0x0000000084f00000| Complete |  0
|  18|0x0000000085000000, 0x0000000085100000, 0x0000000085100000|100%|HC|  |TAMS 0x0000000085100000| PB 0x0000000085000000| Complete |  0
|  19|0x0000000085100000, 0x0000000085200000, 0x0000000085200000|100%|HC|  |TAMS 0x0000000085200000| PB 0x0000000085100000| Complete |  0
|  20|0x0000000085200000, 0x0000000085300000, 0x0000000085300000|100%|HC|  |TAMS 0x0000000085300000| PB 0x0000000085200000| Complete |  0
|  21|0x0000000085300000, 0x0000000085400000, 0x0000000085400000|100%|HC|  |TAMS 0x0000000085400000| PB 0x0000000085300000| Complete |  0
|  22|0x0000000085400000, 0x0000000085500000, 0x0000000085500000|100%|HC|  |TAMS 0x0000000085500000| PB 0x0000000085400000| Complete |  0
|  23|0x0000000085500000, 0x0000000085600000, 0x0000000085600000|100%|HC|  |TAMS 0x0000000085600000| PB 0x0000000085500000| Complete |  0
|  24|0x0000000085600000, 0x0000000085700000, 0x0000000085700000|100%|HC|  |TAMS 0x0000000085700000| PB 0x0000000085600000| Complete |  0
|  25|0x0000000085700000, 0x0000000085800000, 0x0000000085800000|100%|HC|  |TAMS 0x0000000085800000| PB 0x0000000085700000| Complete |  0
|  26|0x0000000085800000, 0x0000000085900000, 0x0000000085900000|100%|HC|  |TAMS 0x0000000085900000| PB 0x0000000085800000| Complete |  0
|  27|0x0000000085900000, 0x0000000085a00000, 0x0000000085a00000|100%|HC|  |TAMS 0x0000000085a00000| PB 0x0000000085900000| Complete |  0
|  28|0x0000000085a00000, 0x0000000085b00000, 0x0000000085b00000|100%|HC|  |TAMS 0x0000000085b00000| PB 0x0000000085a00000| Complete |  0
|  29|0x0000000085b00000, 0x0000000085c00000, 0x0000000085c00000|100%|HC|  |TAMS 0x0000000085c00000| PB 0x0000000085b00000| Complete |  0
|  30|0x0000000085c00000, 0x0000000085d00000, 0x0000000085d00000|100%|HC|  |TAMS 0x0000000085d00000| PB 0x0000000085c00000| Complete |  0
|  31|0x0000000085d00000, 0x0000000085e00000, 0x0000000085e00000|100%|HC|  |TAMS 0x0000000085e00000| PB 0x0000000085d00000| Complete |  0
|  32|0x0000000085e00000, 0x0000000085f00000, 0x0000000085f00000|100%|HC|  |TAMS 0x0000000085f00000| PB 0x0000000085e00000| Complete |  0
|  33|0x0000000085f00000, 0x0000000086000000, 0x0000000086000000|100%|HC|  |TAMS 0x0000000086000000| PB 0x0000000085f00000| Complete |  0
|  34|0x0000000086000000, 0x0000000086100000, 0x0000000086100000|100%|HC|  |TAMS 0x0000000086100000| PB 0x0000000086000000| Complete |  0
|  35|0x0000000086100000, 0x0000000086200000, 0x0000000086200000|100%|HC|  |TAMS 0x0000000086200000| PB 0x0000000086100000| Complete |  0
|  36|0x0000000086200000, 0x0000000086300000, 0x0000000086300000|100%|HC|  |TAMS 0x0000000086300000| PB 0x0000000086200000| Complete |  0
|  37|0x0000000086300000, 0x0000000086400000, 0x0000000086400000|100%|HC|  |TAMS 0x0000000086400000| PB 0x0000000086300000| Complete |  0
|  38|0x0000000086400000, 0x0000000086500000, 0x0000000086500000|100%|HC|  |TAMS 0x0000000086500000| PB 0x0000000086400000| Complete |  0
|  39|0x0000000086500000, 0x0000000086600000, 0x0000000086600000|100%|HC|  |TAMS 0x0000000086600000| PB 0x0000000086500000| Complete |  0
|  40|0x0000000086600000, 0x0000000086700000, 0x0000000086700000|100%|HC|  |TAMS 0x0000000086700000| PB 0x0000000086600000| Complete |  0
|  41|0x0000000086700000, 0x0000000086800000, 0x0000000086800000|100%|HC|  |TAMS 0x0000000086800000| PB 0x0000000086700000| Complete |  0
|  42|0x0000000086800000, 0x0000000086900000, 0x0000000086900000|100%|HC|  |TAMS 0x0000000086900000| PB 0x0000000086800000| Complete |  0
|  43|0x0000000086900000, 0x0000000086a00000, 0x0000000086a00000|100%|HC|  |TAMS 0x0000000086a00000| PB 0x0000000086900000| Complete |  0
|  44|0x0000000086a00000, 0x0000000086b00000, 0x0000000086b00000|100%|HC|  |TAMS 0x0000000086b00000| PB 0x0000000086a00000| Complete |  0
|  45|0x0000000086b00000, 0x0000000086c00000, 0x0000000086c00000|100%| O|  |TAMS 0x0000000086c00000| PB 0x0000000086c00000| Untracked |  0
|  46|0x0000000086c00000, 0x0000000086c85080, 0x0000000086d00000| 51%| O|  |TAMS 0x0000000086c85080| PB 0x0000000086c85080| Untracked |  0
|  47|0x0000000086d00000, 0x0000000086d00000, 0x0000000086e00000|  0%| F|  |TAMS 0x0000000086d00000| PB 0x0000000086d00000| Untracked |  0
|  48|0x0000000086e00000, 0x0000000086f00000, 0x0000000086f00000|100%|HS|  |TAMS 0x0000000086f00000| PB 0x0000000086e00000| Complete |  0
|  49|0x0000000086f00000, 0x0000000087000000, 0x0000000087000000|100%|HS|  |TAMS 0x0000000087000000| PB 0x0000000086f00000| Complete |  0
|  50|0x0000000087000000, 0x0000000087100000, 0x0000000087100000|100%|HC|  |TAMS 0x0000000087100000| PB 0x0000000087000000| Complete |  0
|  51|0x0000000087100000, 0x0000000087200000, 0x0000000087200000|100%|HS|  |TAMS 0x0000000087200000| PB 0x0000000087100000| Complete |  0
|  52|0x0000000087200000, 0x0000000087300000, 0x0000000087300000|100%|HC|  |TAMS 0x0000000087300000| PB 0x0000000087200000| Complete |  0
|  53|0x0000000087300000, 0x0000000087400000, 0x0000000087400000|100%|HC|  |TAMS 0x0000000087400000| PB 0x0000000087300000| Complete |  0
|  54|0x0000000087400000, 0x0000000087500000, 0x0000000087500000|100%|HC|  |TAMS 0x0000000087500000| PB 0x0000000087400000| Complete |  0
|  55|0x0000000087500000, 0x0000000087600000, 0x0000000087600000|100%|HC|  |TAMS 0x0000000087600000| PB 0x0000000087500000| Complete |  0
|  56|0x0000000087600000, 0x0000000087700000, 0x0000000087700000|100%|HC|  |TAMS 0x0000000087700000| PB 0x0000000087600000| Complete |  0
|  57|0x0000000087700000, 0x0000000087800000, 0x0000000087800000|100%|HC|  |TAMS 0x0000000087800000| PB 0x0000000087700000| Complete |  0
|  58|0x0000000087800000, 0x0000000087900000, 0x0000000087900000|100%|HC|  |TAMS 0x0000000087900000| PB 0x0000000087800000| Complete |  0
|  59|0x0000000087900000, 0x0000000087a00000, 0x0000000087a00000|100%|HC|  |TAMS 0x0000000087a00000| PB 0x0000000087900000| Complete |  0
|  60|0x0000000087a00000, 0x0000000087b00000, 0x0000000087b00000|100%|HC|  |TAMS 0x0000000087b00000| PB 0x0000000087a00000| Complete |  0
|  61|0x0000000087b00000, 0x0000000087c00000, 0x0000000087c00000|100%|HC|  |TAMS 0x0000000087c00000| PB 0x0000000087b00000| Complete |  0
|  62|0x0000000087c00000, 0x0000000087d00000, 0x0000000087d00000|100%|HC|  |TAMS 0x0000000087d00000| PB 0x0000000087c00000| Complete |  0
|  63|0x0000000087d00000, 0x0000000087e00000, 0x0000000087e00000|100%|HC|  |TAMS 0x0000000087e00000| PB 0x0000000087d00000| Complete |  0
|  64|0x0000000087e00000, 0x0000000087f00000, 0x0000000087f00000|100%|HC|  |TAMS 0x0000000087f00000| PB 0x0000000087e00000| Complete |  0
|  65|0x0000000087f00000, 0x0000000088000000, 0x0000000088000000|100%|HC|  |TAMS 0x0000000088000000| PB 0x0000000087f00000| Complete |  0
|  66|0x0000000088000000, 0x0000000088100000, 0x0000000088100000|100%|HC|  |TAMS 0x0000000088100000| PB 0x0000000088000000| Complete |  0
|  67|0x0000000088100000, 0x0000000088200000, 0x0000000088200000|100%|HC|  |TAMS 0x0000000088200000| PB 0x0000000088100000| Complete |  0
|  68|0x0000000088200000, 0x0000000088300000, 0x0000000088300000|100%|HC|  |TAMS 0x0000000088300000| PB 0x0000000088200000| Complete |  0
|  69|0x0000000088300000, 0x0000000088400000, 0x0000000088400000|100%|HC|  |TAMS 0x0000000088400000| PB 0x0000000088300000| Complete |  0
|  70|0x0000000088400000, 0x0000000088500000, 0x0000000088500000|100%|HC|  |TAMS 0x0000000088500000| PB 0x0000000088400000| Complete |  0
|  71|0x0000000088500000, 0x0000000088600000, 0x0000000088600000|100%|HC|  |TAMS 0x0000000088600000| PB 0x0000000088500000| Complete |  0
|  72|0x0000000088600000, 0x0000000088700000, 0x0000000088700000|100%|HC|  |TAMS 0x0000000088700000| PB 0x0000000088600000| Complete |  0
|  73|0x0000000088700000, 0x0000000088800000, 0x0000000088800000|100%|HC|  |TAMS 0x0000000088800000| PB 0x0000000088700000| Complete |  0
|  74|0x0000000088800000, 0x0000000088900000, 0x0000000088900000|100%|HC|  |TAMS 0x0000000088900000| PB 0x0000000088800000| Complete |  0
|  75|0x0000000088900000, 0x0000000088a00000, 0x0000000088a00000|100%|HC|  |TAMS 0x0000000088a00000| PB 0x0000000088900000| Complete |  0
|  76|0x0000000088a00000, 0x0000000088b00000, 0x0000000088b00000|100%|HC|  |TAMS 0x0000000088b00000| PB 0x0000000088a00000| Complete |  0
|  77|0x0000000088b00000, 0x0000000088c00000, 0x0000000088c00000|100%|HC|  |TAMS 0x0000000088c00000| PB 0x0000000088b00000| Complete |  0
|  78|0x0000000088c00000, 0x0000000088d00000, 0x0000000088d00000|100%|HC|  |TAMS 0x0000000088d00000| PB 0x0000000088c00000| Complete |  0
|  79|0x0000000088d00000, 0x0000000088e00000, 0x0000000088e00000|100%|HC|  |TAMS 0x0000000088e00000| PB 0x0000000088d00000| Complete |  0
|  80|0x0000000088e00000, 0x0000000088f00000, 0x0000000088f00000|100%|HC|  |TAMS 0x0000000088f00000| PB 0x0000000088e00000| Complete |  0
|  81|0x0000000088f00000, 0x0000000089000000, 0x0000000089000000|100%|HC|  |TAMS 0x0000000089000000| PB 0x0000000088f00000| Complete |  0
|  82|0x0000000089000000, 0x0000000089100000, 0x0000000089100000|100%|HC|  |TAMS 0x0000000089100000| PB 0x0000000089000000| Complete |  0
|  83|0x0000000089100000, 0x0000000089200000, 0x0000000089200000|100%|HC|  |TAMS 0x0000000089200000| PB 0x0000000089100000| Complete |  0
|  84|0x0000000089200000, 0x0000000089300000, 0x0000000089300000|100%|HC|  |TAMS 0x0000000089300000| PB 0x0000000089200000| Complete |  0
|  85|0x0000000089300000, 0x0000000089400000, 0x0000000089400000|100%|HC|  |TAMS 0x0000000089400000| PB 0x0000000089300000| Complete |  0
|  86|0x0000000089400000, 0x0000000089500000, 0x0000000089500000|100%|HC|  |TAMS 0x0000000089500000| PB 0x0000000089400000| Complete |  0
|  87|0x0000000089500000, 0x0000000089600000, 0x0000000089600000|100%|HC|  |TAMS 0x0000000089600000| PB 0x0000000089500000| Complete |  0
|  88|0x0000000089600000, 0x0000000089700000, 0x0000000089700000|100%|HC|  |TAMS 0x0000000089700000| PB 0x0000000089600000| Complete |  0
|  89|0x0000000089700000, 0x0000000089800000, 0x0000000089800000|100%|HC|  |TAMS 0x0000000089800000| PB 0x0000000089700000| Complete |  0
|  90|0x0000000089800000, 0x0000000089900000, 0x0000000089900000|100%|HC|  |TAMS 0x0000000089900000| PB 0x0000000089800000| Complete |  0
|  91|0x0000000089900000, 0x0000000089a00000, 0x0000000089a00000|100%|HC|  |TAMS 0x0000000089a00000| PB 0x0000000089900000| Complete |  0
|  92|0x0000000089a00000, 0x0000000089b00000, 0x0000000089b00000|100%|HC|  |TAMS 0x0000000089b00000| PB 0x0000000089a00000| Complete |  0
|  93|0x0000000089b00000, 0x0000000089c00000, 0x0000000089c00000|100%|HC|  |TAMS 0x0000000089c00000| PB 0x0000000089b00000| Complete |  0
|  94|0x0000000089c00000, 0x0000000089d00000, 0x0000000089d00000|100%|HC|  |TAMS 0x0000000089d00000| PB 0x0000000089c00000| Complete |  0
|  95|0x0000000089d00000, 0x0000000089e00000, 0x0000000089e00000|100%|HC|  |TAMS 0x0000000089e00000| PB 0x0000000089d00000| Complete |  0
|  96|0x0000000089e00000, 0x0000000089f00000, 0x0000000089f00000|100%|HC|  |TAMS 0x0000000089f00000| PB 0x0000000089e00000| Complete |  0
|  97|0x0000000089f00000, 0x000000008a000000, 0x000000008a000000|100%|HC|  |TAMS 0x000000008a000000| PB 0x0000000089f00000| Complete |  0
|  98|0x000000008a000000, 0x000000008a100000, 0x000000008a100000|100%|HC|  |TAMS 0x000000008a100000| PB 0x000000008a000000| Complete |  0
|  99|0x000000008a100000, 0x000000008a200000, 0x000000008a200000|100%|HC|  |TAMS 0x000000008a200000| PB 0x000000008a100000| Complete |  0
| 100|0x000000008a200000, 0x000000008a300000, 0x000000008a300000|100%|HC|  |TAMS 0x000000008a300000| PB 0x000000008a200000| Complete |  0
| 101|0x000000008a300000, 0x000000008a400000, 0x000000008a400000|100%|HC|  |TAMS 0x000000008a400000| PB 0x000000008a300000| Complete |  0
| 102|0x000000008a400000, 0x000000008a500000, 0x000000008a500000|100%|HC|  |TAMS 0x000000008a500000| PB 0x000000008a400000| Complete |  0
| 103|0x000000008a500000, 0x000000008a600000, 0x000000008a600000|100%|HC|  |TAMS 0x000000008a600000| PB 0x000000008a500000| Complete |  0
| 104|0x000000008a600000, 0x000000008a700000, 0x000000008a700000|100%|HC|  |TAMS 0x000000008a700000| PB 0x000000008a600000| Complete |  0
| 105|0x000000008a700000, 0x000000008a800000, 0x000000008a800000|100%|HC|  |TAMS 0x000000008a800000| PB 0x000000008a700000| Complete |  0
| 106|0x000000008a800000, 0x000000008a900000, 0x000000008a900000|100%|HC|  |TAMS 0x000000008a900000| PB 0x000000008a800000| Complete |  0
| 107|0x000000008a900000, 0x000000008aa00000, 0x000000008aa00000|100%|HC|  |TAMS 0x000000008aa00000| PB 0x000000008a900000| Complete |  0
| 108|0x000000008aa00000, 0x000000008aa00000, 0x000000008ab00000|  0%| F|  |TAMS 0x000000008aa00000| PB 0x000000008aa00000| Untracked |  0
| 109|0x000000008ab00000, 0x000000008ab00000, 0x000000008ac00000|  0%| F|  |TAMS 0x000000008ab00000| PB 0x000000008ab00000| Untracked |  0
| 110|0x000000008ac00000, 0x000000008ac00000, 0x000000008ad00000|  0%| F|  |TAMS 0x000000008ac00000| PB 0x000000008ac00000| Untracked |  0
| 111|0x000000008ad00000, 0x000000008ad00000, 0x000000008ae00000|  0%| F|  |TAMS 0x000000008ad00000| PB 0x000000008ad00000| Untracked |  0
| 112|0x000000008ae00000, 0x000000008ae00000, 0x000000008af00000|  0%| F|  |TAMS 0x000000008ae00000| PB 0x000000008ae00000| Untracked |  0
| 113|0x000000008af00000, 0x000000008af00000, 0x000000008b000000|  0%| F|  |TAMS 0x000000008af00000| PB 0x000000008af00000| Untracked |  0
| 114|0x000000008b000000, 0x000000008b0fab58, 0x000000008b100000| 97%| S|CS|TAMS 0x000000008b000000| PB 0x000000008b000000| Complete |  0
| 115|0x000000008b100000, 0x000000008b100000, 0x000000008b200000|  0%| F|  |TAMS 0x000000008b100000| PB 0x000000008b100000| Untracked |  0
| 116|0x000000008b200000, 0x000000008b200000, 0x000000008b300000|  0%| F|  |TAMS 0x000000008b200000| PB 0x000000008b200000| Untracked |  0
| 117|0x000000008b300000, 0x000000008b300000, 0x000000008b400000|  0%| F|  |TAMS 0x000000008b300000| PB 0x000000008b300000| Untracked |  0
| 118|0x000000008b400000, 0x000000008b400000, 0x000000008b500000|  0%| F|  |TAMS 0x000000008b400000| PB 0x000000008b400000| Untracked |  0
| 119|0x000000008b500000, 0x000000008b500000, 0x000000008b600000|  0%| F|  |TAMS 0x000000008b500000| PB 0x000000008b500000| Untracked |  0
| 120|0x000000008b600000, 0x000000008b600000, 0x000000008b700000|  0%| F|  |TAMS 0x000000008b600000| PB 0x000000008b600000| Untracked |  0
| 121|0x000000008b700000, 0x000000008b700000, 0x000000008b800000|  0%| F|  |TAMS 0x000000008b700000| PB 0x000000008b700000| Untracked |  0
| 122|0x000000008b800000, 0x000000008b800000, 0x000000008b900000|  0%| F|  |TAMS 0x000000008b800000| PB 0x000000008b800000| Untracked |  0
| 123|0x000000008b900000, 0x000000008b900000, 0x000000008ba00000|  0%| F|  |TAMS 0x000000008b900000| PB 0x000000008b900000| Untracked |  0
| 124|0x000000008ba00000, 0x000000008ba00000, 0x000000008bb00000|  0%| F|  |TAMS 0x000000008ba00000| PB 0x000000008ba00000| Untracked |  0
| 125|0x000000008bb00000, 0x000000008bb841b8, 0x000000008bc00000| 51%| E|  |TAMS 0x000000008bb00000| PB 0x000000008bb00000| Complete |  0
| 126|0x000000008bc00000, 0x000000008bcfdf68, 0x000000008bd00000| 99%| E|  |TAMS 0x000000008bc00000| PB 0x000000008bc00000| Complete |  0

Card table byte_map: [0x0000015dc6cb0000,0x0000015dc70a0000] _byte_map_base: 0x0000015dc6891000

Marking Bits: (CMBitMap*) 0x0000015dad164430
 Bits: [0x0000015dc70a0000, 0x0000015dc8fa8000)

Polling page: 0x0000015dacfb0000

Metaspace:

Usage:
  Non-class:      8.22 MB used.
      Class:      1.14 MB used.
       Both:      9.36 MB used.

Virtual space:
  Non-class space:       64.00 MB reserved,       8.38 MB ( 13%) committed,  1 nodes.
      Class space:        1.00 GB reserved,       1.19 MB ( <1%) committed,  1 nodes.
             Both:        1.06 GB reserved,       9.56 MB ( <1%) committed. 

Chunk freelists:
   Non-Class:  6.98 MB
       Class:  14.76 MB
        Both:  21.74 MB

MaxMetaspaceSize: unlimited
CompressedClassSpaceSize: 1.00 GB
Initial GC threshold: 21.00 MB
Current GC threshold: 21.00 MB
CDS: on
 - commit_granule_bytes: 65536.
 - commit_granule_words: 8192.
 - virtual_space_node_default_size: 8388608.
 - enlarge_chunks_in_place: 1.
 - use_allocation_guard: 0.


Internal statistics:

num_allocs_failed_limit: 0.
num_arena_births: 160.
num_arena_deaths: 0.
num_vsnodes_births: 2.
num_vsnodes_deaths: 0.
num_space_committed: 153.
num_space_uncommitted: 0.
num_chunks_returned_to_freelist: 0.
num_chunks_taken_from_freelist: 217.
num_chunk_merges: 0.
num_chunk_splits: 126.
num_chunks_enlarged: 49.
num_inconsistent_stats: 0.

CodeHeap 'non-profiled nmethods': size=120064Kb used=360Kb max_used=360Kb free=119703Kb
 bounds [0x0000015dbed60000, 0x0000015dbefd0000, 0x0000015dc62a0000]
CodeHeap 'profiled nmethods': size=120000Kb used=1164Kb max_used=1164Kb free=118835Kb
 bounds [0x0000015db72a0000, 0x0000015db7510000, 0x0000015dbe7d0000]
CodeHeap 'non-nmethods': size=5696Kb used=1568Kb max_used=1589Kb free=4127Kb
 bounds [0x0000015dbe7d0000, 0x0000015dbea40000, 0x0000015dbed60000]
CodeCache: size=245760Kb, used=3092Kb, max_used=3113Kb, free=242665Kb
 total_blobs=1714, nmethods=1066, adapters=554, full_count=0
Compilation: enabled, stopped_count=0, restarted_count=0

Compilation events (20 events):
Event: 4.581 Thread 0x0000015dcb5ee340 nmethod 1050 0x0000015db73c1e88 code [0x0000015db73c1fc0, 0x0000015db73c22c0]
Event: 4.582 Thread 0x0000015dcb5ee340 1059       3       java.lang.Character::charCount (12 bytes)
Event: 4.582 Thread 0x0000015dcb5ee340 nmethod 1059 0x0000015db73c2308 code [0x0000015db73c2420, 0x0000015db73c2580]
Event: 4.583 Thread 0x0000015dcb5cc260 nmethod 1055 0x0000015dbedb6708 code [0x0000015dbedb6860, 0x0000015dbedb6c10]
Event: 4.583 Thread 0x0000015dcb5cc260 1058       4       jdk.internal.logger.SurrogateLogger::defaultPlatformLevel (4 bytes)
Event: 4.583 Thread 0x0000015dcb5cc260 nmethod 1058 0x0000015dbedb6c88 code [0x0000015dbedb6d80, 0x0000015dbedb6e00]
Event: 4.584 Thread 0x0000015dcb5ee340 1060       3       java.beans.PropertyChangeEvent::<init> (22 bytes)
Event: 4.585 Thread 0x0000015dcb5ee340 nmethod 1060 0x0000015db73c2608 code [0x0000015db73c2760, 0x0000015db73c2b98]
Event: 4.589 Thread 0x0000015dcb5cc260 1061       4       java.awt.Component::getTreeLock (4 bytes)
Event: 4.589 Thread 0x0000015dcb5cc260 nmethod 1061 0x0000015dbedb6f88 code [0x0000015dbedb7080, 0x0000015dbedb7100]
Event: 4.611 Thread 0x0000015dcb5ee340 1062   !   3       java.lang.ref.NativeReferenceQueue::enqueue (20 bytes)
Event: 4.612 Thread 0x0000015dcb5ee340 nmethod 1062 0x0000015db73c2c08 code [0x0000015db73c2d40, 0x0000015db73c3010]
Event: 4.612 Thread 0x0000015dcb5ee340 1063       3       java.lang.ref.NativeReferenceQueue::signal (8 bytes)
Event: 4.612 Thread 0x0000015dcb5ee340 nmethod 1063 0x0000015db73c3088 code [0x0000015db73c31a0, 0x0000015db73c32e0]
Event: 4.734 Thread 0x0000015dcb5cc260 1064       4       sun.awt.image.ImageWatched::newInfo (25 bytes)
Event: 4.739 Thread 0x0000015dcb5cc260 nmethod 1064 0x0000015dbedb7288 code [0x0000015dbedb7400, 0x0000015dbedb7890]
Event: 4.739 Thread 0x0000015dcb5cc260 1065   !   4       sun.awt.image.ImageRepresentation::setPixels (527 bytes)
Event: 4.769 Thread 0x0000015dcb5cc260 nmethod 1065 0x0000015dbedb7a08 code [0x0000015dbedb7ca0, 0x0000015dbedb9bd8]
Event: 4.769 Thread 0x0000015dcb5cc260 1066       4       sun.awt.image.IntegerInterleavedRaster::setDataElements (134 bytes)
Event: 4.773 Thread 0x0000015dcb5cc260 nmethod 1066 0x0000015dbedb9e08 code [0x0000015dbedb9f40, 0x0000015dbedba348]

GC Heap History (12 events):
Event: 0.512 GC heap before
{Heap before GC invocations=0 (full 0):
 garbage-first heap   total reserved 2033664K, committed 129024K, used 59392K [0x0000000083e00000, 0x0000000100000000)
  region size 1024K, 14 young (14336K), 0 survivors (0K)
 Metaspace       used 4976K, committed 5248K, reserved 1114112K
  class space    used 544K, committed 704K, reserved 1048576K
}
Event: 0.515 GC heap after
{Heap after GC invocations=1 (full 0):
 garbage-first heap   total reserved 2033664K, committed 129024K, used 47744K [0x0000000083e00000, 0x0000000100000000)
  region size 1024K, 2 young (2048K), 2 survivors (2048K)
 Metaspace       used 4976K, committed 5248K, reserved 1114112K
  class space    used 544K, committed 704K, reserved 1048576K
}
Event: 0.662 GC heap before
{Heap before GC invocations=1 (full 0):
 garbage-first heap   total reserved 2033664K, committed 129024K, used 61056K [0x0000000083e00000, 0x0000000100000000)
  region size 1024K, 16 young (16384K), 2 survivors (2048K)
 Metaspace       used 4980K, committed 5248K, reserved 1114112K
  class space    used 544K, committed 704K, reserved 1048576K
}
Event: 0.666 GC heap after
{Heap after GC invocations=2 (full 0):
 garbage-first heap   total reserved 2033664K, committed 129024K, used 47710K [0x0000000083e00000, 0x0000000100000000)
  region size 1024K, 1 young (1024K), 1 survivors (1024K)
 Metaspace       used 4980K, committed 5248K, reserved 1114112K
  class space    used 544K, committed 704K, reserved 1048576K
}
Event: 0.755 GC heap before
{Heap before GC invocations=2 (full 0):
 garbage-first heap   total reserved 2033664K, committed 129024K, used 87646K [0x0000000083e00000, 0x0000000100000000)
  region size 1024K, 40 young (40960K), 1 survivors (1024K)
 Metaspace       used 4980K, committed 5248K, reserved 1114112K
  class space    used 544K, committed 704K, reserved 1048576K
}
Event: 0.756 GC heap after
{Heap after GC invocations=3 (full 0):
 garbage-first heap   total reserved 2033664K, committed 129024K, used 47654K [0x0000000083e00000, 0x0000000100000000)
  region size 1024K, 1 young (1024K), 1 survivors (1024K)
 Metaspace       used 4980K, committed 5248K, reserved 1114112K
  class space    used 544K, committed 704K, reserved 1048576K
}
Event: 4.609 GC heap before
{Heap before GC invocations=3 (full 0):
 garbage-first heap   total reserved 2033664K, committed 129024K, used 61990K [0x0000000083e00000, 0x0000000100000000)
  region size 1024K, 13 young (13312K), 1 survivors (1024K)
 Metaspace       used 9582K, committed 9792K, reserved 1114112K
  class space    used 1164K, committed 1216K, reserved 1048576K
}
Event: 4.611 GC heap after
{Heap after GC invocations=4 (full 0):
 garbage-first heap   total reserved 2033664K, committed 129024K, used 51655K [0x0000000083e00000, 0x0000000100000000)
  region size 1024K, 1 young (1024K), 1 survivors (1024K)
 Metaspace       used 9582K, committed 9792K, reserved 1114112K
  class space    used 1164K, committed 1216K, reserved 1048576K
}
Event: 4.763 GC heap before
{Heap before GC invocations=4 (full 0):
 garbage-first heap   total reserved 2033664K, committed 129024K, used 127431K [0x0000000083e00000, 0x0000000100000000)
  region size 1024K, 19 young (19456K), 1 survivors (1024K)
 Metaspace       used 9583K, committed 9792K, reserved 1114112K
  class space    used 1164K, committed 1216K, reserved 1048576K
}
Event: 4.764 GC heap after
{Heap after GC invocations=5 (full 0):
 garbage-first heap   total reserved 2033664K, committed 130048K, used 110060K [0x0000000083e00000, 0x0000000100000000)
  region size 1024K, 1 young (1024K), 1 survivors (1024K)
 Metaspace       used 9583K, committed 9792K, reserved 1114112K
  class space    used 1164K, committed 1216K, reserved 1048576K
}
Event: 4.784 GC heap before
{Heap before GC invocations=5 (full 0):
 garbage-first heap   total reserved 2033664K, committed 130048K, used 121324K [0x0000000083e00000, 0x0000000100000000)
  region size 1024K, 12 young (12288K), 1 survivors (1024K)
 Metaspace       used 9583K, committed 9792K, reserved 1114112K
  class space    used 1164K, committed 1216K, reserved 1048576K
}
Event: 4.786 GC heap after
{Heap after GC invocations=6 (full 0):
 garbage-first heap   total reserved 2033664K, committed 130048K, used 110078K [0x0000000083e00000, 0x0000000100000000)
  region size 1024K, 1 young (1024K), 1 survivors (1024K)
 Metaspace       used 9583K, committed 9792K, reserved 1114112K
  class space    used 1164K, committed 1216K, reserved 1048576K
}

Dll operation events (13 events):
Event: 0.018 Loaded shared library C:\Program Files\Java\jdk-23\bin\java.dll
Event: 0.084 Loaded shared library C:\Program Files\Java\jdk-23\bin\jsvml.dll
Event: 0.127 Loaded shared library C:\Program Files\Java\jdk-23\bin\zip.dll
Event: 0.131 Loaded shared library C:\Program Files\Java\jdk-23\bin\instrument.dll
Event: 0.138 Loaded shared library C:\Program Files\Java\jdk-23\bin\net.dll
Event: 0.141 Loaded shared library C:\Program Files\Java\jdk-23\bin\nio.dll
Event: 0.147 Loaded shared library C:\Program Files\Java\jdk-23\bin\zip.dll
Event: 0.171 Loaded shared library C:\Program Files\Java\jdk-23\bin\extnet.dll
Event: 0.178 Loaded shared library C:\Program Files\Java\jdk-23\bin\jimage.dll
Event: 0.203 Loaded shared library C:\Program Files\Java\jdk-23\bin\awt.dll
Event: 0.421 Loaded shared library C:\Program Files\Java\jdk-23\bin\javajpeg.dll
Event: 1.363 Loaded shared library C:\Program Files\Java\jdk-23\bin\freetype.dll
Event: 1.364 Loaded shared library C:\Program Files\Java\jdk-23\bin\fontmanager.dll

Deoptimization events (20 events):
Event: 4.537 Thread 0x0000015dcb980510 Uncommon trap: trap_request=0xffffffde fr.pc=0x0000015dbedb4ddc relative=0x000000000000029c
Event: 4.537 Thread 0x0000015dcb980510 Uncommon trap: reason=class_check action=maybe_recompile pc=0x0000015dbedb4ddc method=java.util.HashMap.getNode(Ljava/lang/Object;)Ljava/util/HashMap$Node; @ 128 c2
Event: 4.537 Thread 0x0000015dcb980510 DEOPT PACKING pc=0x0000015dbedb4ddc sp=0x0000005cd66fd530
Event: 4.537 Thread 0x0000015dcb980510 DEOPT UNPACKING pc=0x0000015dbe824402 sp=0x0000005cd66fd498 mode 2
Event: 4.537 Thread 0x0000015dcb980510 Uncommon trap: trap_request=0xffffffde fr.pc=0x0000015dbedb4ddc relative=0x000000000000029c
Event: 4.537 Thread 0x0000015dcb980510 Uncommon trap: reason=class_check action=maybe_recompile pc=0x0000015dbedb4ddc method=java.util.HashMap.getNode(Ljava/lang/Object;)Ljava/util/HashMap$Node; @ 128 c2
Event: 4.537 Thread 0x0000015dcb980510 DEOPT PACKING pc=0x0000015dbedb4ddc sp=0x0000005cd66fd530
Event: 4.537 Thread 0x0000015dcb980510 DEOPT UNPACKING pc=0x0000015dbe824402 sp=0x0000005cd66fd498 mode 2
Event: 4.537 Thread 0x0000015dcb980510 Uncommon trap: trap_request=0xffffffde fr.pc=0x0000015dbedb4ddc relative=0x000000000000029c
Event: 4.537 Thread 0x0000015dcb980510 Uncommon trap: reason=class_check action=maybe_recompile pc=0x0000015dbedb4ddc method=java.util.HashMap.getNode(Ljava/lang/Object;)Ljava/util/HashMap$Node; @ 128 c2
Event: 4.537 Thread 0x0000015dcb980510 DEOPT PACKING pc=0x0000015dbedb4ddc sp=0x0000005cd66fd530
Event: 4.537 Thread 0x0000015dcb980510 DEOPT UNPACKING pc=0x0000015dbe824402 sp=0x0000005cd66fd498 mode 2
Event: 4.580 Thread 0x0000015dcb980510 Uncommon trap: trap_request=0xffffffc6 fr.pc=0x0000015dbedb5328 relative=0x00000000000002c8
Event: 4.580 Thread 0x0000015dcb980510 Uncommon trap: reason=bimorphic_or_optimized_type_check action=maybe_recompile pc=0x0000015dbedb5328 method=java.util.HashMap.getNode(Ljava/lang/Object;)Ljava/util/HashMap$Node; @ 128 c2
Event: 4.580 Thread 0x0000015dcb980510 DEOPT PACKING pc=0x0000015dbedb5328 sp=0x0000005cd66fdc70
Event: 4.580 Thread 0x0000015dcb980510 DEOPT UNPACKING pc=0x0000015dbe824402 sp=0x0000005cd66fdbe8 mode 2
Event: 4.580 Thread 0x0000015dcb980510 Uncommon trap: trap_request=0xffffffc6 fr.pc=0x0000015dbedb5328 relative=0x00000000000002c8
Event: 4.580 Thread 0x0000015dcb980510 Uncommon trap: reason=bimorphic_or_optimized_type_check action=maybe_recompile pc=0x0000015dbedb5328 method=java.util.HashMap.getNode(Ljava/lang/Object;)Ljava/util/HashMap$Node; @ 128 c2
Event: 4.580 Thread 0x0000015dcb980510 DEOPT PACKING pc=0x0000015dbedb5328 sp=0x0000005cd66fdcc0
Event: 4.580 Thread 0x0000015dcb980510 DEOPT UNPACKING pc=0x0000015dbe824402 sp=0x0000005cd66fdc38 mode 2

Classes loaded (20 events):
Event: 4.576 Loading class javax/swing/JComboBox$KeySelectionManager done
Event: 4.576 Loading class javax/swing/plaf/basic/BasicComboBoxUI$DefaultKeySelectionManager done
Event: 4.578 Loading class javax/swing/plaf/basic/BasicPasswordFieldUI
Event: 4.578 Loading class javax/swing/plaf/basic/BasicPasswordFieldUI done
Event: 4.579 Loading class javax/swing/text/PasswordView
Event: 4.579 Loading class javax/swing/text/PasswordView done
Event: 4.580 Loading class javax/swing/JToggleButton$ToggleButtonModel
Event: 4.580 Loading class javax/swing/JToggleButton$ToggleButtonModel done
Event: 4.581 Loading class javax/swing/plaf/metal/MetalToggleButtonUI
Event: 4.581 Loading class javax/swing/plaf/basic/BasicToggleButtonUI
Event: 4.581 Loading class javax/swing/plaf/basic/BasicToggleButtonUI done
Event: 4.581 Loading class javax/swing/plaf/metal/MetalToggleButtonUI done
Event: 4.582 Loading class javax/swing/plaf/metal/MetalBorders$ToggleButtonBorder
Event: 4.582 Loading class javax/swing/plaf/metal/MetalBorders$ToggleButtonBorder done
Event: 4.582 Loading class javax/swing/plaf/basic/BasicButtonUI$KeyHandler
Event: 4.582 Loading class javax/swing/plaf/basic/BasicButtonUI$KeyHandler done
Event: 4.582 Loading class javax/swing/plaf/basic/BasicButtonUI$SelectPreviousBtn
Event: 4.582 Loading class javax/swing/plaf/basic/BasicButtonUI$SelectPreviousBtn done
Event: 4.582 Loading class javax/swing/plaf/basic/BasicButtonUI$SelectNextBtn
Event: 4.582 Loading class javax/swing/plaf/basic/BasicButtonUI$SelectNextBtn done

Classes unloaded (0 events):
No events

Classes redefined (0 events):
No events

Internal exceptions (15 events):
Event: 0.152 Thread 0x0000015dad10a7e0 Exception <a 'java/lang/NoSuchMethodError'{0x000000008b92f660}: 'java.lang.Object java.lang.invoke.Invokers$Holder.invokeExact_MT(java.lang.Object, java.lang.Object, java.lang.Object, java.lang.Object, java.lang.Object)'> (0x000000008b92f660) 
thrown [s\open\src\hotspot\share\interpreter\linkResolver.cpp, line 796]
Event: 0.173 Thread 0x0000015dcb845fe0 Exception <a 'java/lang/NoSuchMethodError'{0x000000008b950910}: 'void java.lang.invoke.DirectMethodHandle$Holder.invokeStatic(java.lang.Object, java.lang.Object)'> (0x000000008b950910) 
thrown [s\open\src\hotspot\share\interpreter\linkResolver.cpp, line 796]
Event: 0.188 Thread 0x0000015dad10a7e0 Exception <a 'java/lang/ClassNotFoundException'{0x000000008b99cc30}: sun/awt/resources/spi/awtProvider> (0x000000008b99cc30) 
thrown [s\open\src\hotspot\share\classfile\systemDictionary.cpp, line 313]
Event: 0.213 Thread 0x0000015dad10a7e0 Exception <a 'java/io/FileNotFoundException'{0x000000008b9ede78}> (0x000000008b9ede78) 
thrown [s\open\src\hotspot\share\prims\jni.cpp, line 520]
Event: 0.219 Thread 0x0000015dad10a7e0 Exception <a 'java/io/FileNotFoundException'{0x000000008b81c2e0}> (0x000000008b81c2e0) 
thrown [s\open\src\hotspot\share\prims\jni.cpp, line 520]
Event: 0.354 Thread 0x0000015dad10a7e0 Exception <a 'java/lang/NoSuchMethodError'{0x000000008b724660}: 'void java.lang.invoke.DirectMethodHandle$Holder.invokeSpecial(java.lang.Object, java.lang.Object, java.lang.Object)'> (0x000000008b724660) 
thrown [s\open\src\hotspot\share\interpreter\linkResolver.cpp, line 796]
Event: 0.370 Thread 0x0000015dad10a7e0 Exception <a 'java/lang/NoSuchMethodError'{0x000000008b773f58}: 'java.lang.Object java.lang.invoke.DirectMethodHandle$Holder.invokeStatic(java.lang.Object, int, java.lang.Object)'> (0x000000008b773f58) 
thrown [s\open\src\hotspot\share\interpreter\linkResolver.cpp, line 796]
Event: 0.390 Thread 0x0000015dad10a7e0 Exception <a 'java/lang/ClassNotFoundException'{0x000000008b61b160}: com/sun/swing/internal/plaf/metal/resources/spi/metalProvider> (0x000000008b61b160) 
thrown [s\open\src\hotspot\share\classfile\systemDictionary.cpp, line 313]
Event: 0.392 Thread 0x0000015dad10a7e0 Exception <a 'java/lang/ClassNotFoundException'{0x000000008b61f170}: com/sun/swing/internal/plaf/basic/resources/spi/basicProvider> (0x000000008b61f170) 
thrown [s\open\src\hotspot\share\classfile\systemDictionary.cpp, line 313]
Event: 0.405 Thread 0x0000015dad10a7e0 Exception <a 'java/lang/NoSuchMethodError'{0x000000008b63b968}: 'int java.lang.invoke.Invokers$Holder.invokeExact_MT(java.lang.Object, java.lang.Object)'> (0x000000008b63b968) 
thrown [s\open\src\hotspot\share\interpreter\linkResolver.cpp, line 796]
Event: 0.414 Thread 0x0000015dcb9d2730 Exception <a 'java/io/FileNotFoundException'{0x000000008b647c10}> (0x000000008b647c10) 
thrown [s\open\src\hotspot\share\prims\jni.cpp, line 520]
Event: 0.415 Thread 0x0000015dcb9d2730 Exception <a 'java/lang/NoSuchMethodError'{0x000000008b650168}: 'java.lang.Object java.lang.invoke.DirectMethodHandle$Holder.newInvokeSpecial(java.lang.Object, java.lang.Object, java.lang.Object, int, int, int, int, int)'> (0x000000008b650168) 
thrown [s\open\src\hotspot\share\interpreter\linkResolver.cpp, line 796]
Event: 1.326 Thread 0x0000015dcb981630 Exception <a 'java/lang/NoSuchMethodError'{0x000000008b204a90}: 'void java.lang.invoke.DirectMethodHandle$Holder.invokeVirtual(java.lang.Object, java.lang.Object)'> (0x000000008b204a90) 
thrown [s\open\src\hotspot\share\interpreter\linkResolver.cpp, line 796]
Event: 1.357 Thread 0x0000015dad10a7e0 Exception <a 'java/lang/NoSuchMethodError'{0x000000008b3281c8}: 'void java.lang.invoke.DirectMethodHandle$Holder.invokeStaticInit(java.lang.Object)'> (0x000000008b3281c8) 
thrown [s\open\src\hotspot\share\interpreter\linkResolver.cpp, line 796]
Event: 4.498 Thread 0x0000015dcb9d2730 Exception <a 'java/io/FileNotFoundException'{0x000000008b4ab8f8}> (0x000000008b4ab8f8) 
thrown [s\open\src\hotspot\share\prims\jni.cpp, line 520]

VM Operations (19 events):
Event: 0.113 Executing VM operation: HandshakeAllThreads (Deoptimize)
Event: 0.113 Executing VM operation: HandshakeAllThreads (Deoptimize) done
Event: 0.512 Executing VM operation: G1CollectForAllocation (G1 Evacuation Pause)
Event: 0.515 Executing VM operation: G1CollectForAllocation (G1 Evacuation Pause) done
Event: 0.662 Executing VM operation: G1CollectForAllocation (G1 Evacuation Pause)
Event: 0.666 Executing VM operation: G1CollectForAllocation (G1 Evacuation Pause) done
Event: 0.755 Executing VM operation: G1CollectForAllocation (G1 Evacuation Pause)
Event: 0.756 Executing VM operation: G1CollectForAllocation (G1 Evacuation Pause) done
Event: 0.774 Executing VM operation: HandshakeAllThreads (Deoptimize)
Event: 0.774 Executing VM operation: HandshakeAllThreads (Deoptimize) done
Event: 1.305 Executing VM operation: HandshakeAllThreads (Deoptimize)
Event: 1.305 Executing VM operation: HandshakeAllThreads (Deoptimize) done
Event: 4.609 Executing VM operation: G1TryInitiateConcMark (G1 Humongous Allocation)
Event: 4.611 Executing VM operation: G1TryInitiateConcMark (G1 Humongous Allocation) done
Event: 4.763 Executing VM operation: G1CollectForAllocation (G1 Evacuation Pause)
Event: 4.765 Executing VM operation: G1CollectForAllocation (G1 Evacuation Pause) done
Event: 4.784 Executing VM operation: G1CollectForAllocation (G1 Evacuation Pause)
Event: 4.786 Executing VM operation: G1CollectForAllocation (G1 Evacuation Pause) done
Event: 4.789 Executing VM operation: G1PauseRemark

Memory protections (0 events):
No events

Nmethod flushes (0 events):
No events

Events (20 events):
Event: 0.081 Thread 0x0000015dad10a7e0 Thread added: 0x0000015dcb5bd9e0
Event: 0.081 Thread 0x0000015dad10a7e0 Thread added: 0x0000015dcb5be5f0
Event: 0.081 Thread 0x0000015dad10a7e0 Thread added: 0x0000015dcb5bf050
Event: 0.081 Thread 0x0000015dad10a7e0 Thread added: 0x0000015dcb5bfe10
Event: 0.081 Thread 0x0000015dad10a7e0 Thread added: 0x0000015dcb5cc260
Event: 0.081 Thread 0x0000015dad10a7e0 Thread added: 0x0000015dcb5ee340
Event: 0.105 Thread 0x0000015dad10a7e0 Thread added: 0x0000015dcb6d3030
Event: 0.155 Thread 0x0000015dad10a7e0 Thread added: 0x0000015dcb845fe0
Event: 0.156 Thread 0x0000015dad10a7e0 Thread added: 0x0000015dcb846650
Event: 0.292 Thread 0x0000015dad10a7e0 Thread added: 0x0000015dcb95deb0
Event: 0.299 Thread 0x0000015dad10a7e0 Thread added: 0x0000015dcb97e500
Event: 0.301 Thread 0x0000015dad10a7e0 Thread added: 0x0000015dcb981630
Event: 0.413 Thread 0x0000015dad10a7e0 Thread added: 0x0000015dcb9d2730
Event: 0.784 Thread 0x0000015dcb5cc260 Thread added: 0x0000015dcba4e710
Event: 1.303 Thread 0x0000015dcba4e710 Thread exited: 0x0000015dcba4e710
Event: 1.311 Thread 0x0000015dcb97e500 Thread exited: 0x0000015dcb97e500
Event: 1.320 Thread 0x0000015dcb981630 Thread added: 0x0000015e1362b7f0
Event: 1.332 Thread 0x0000015dcb981630 Thread added: 0x0000015dcb980510
Event: 1.473 Thread 0x0000015dad10a7e0 Thread exited: 0x0000015dad10a7e0
Event: 1.473 Thread 0x0000015dad10a7e0 Thread added: 0x0000015dad10a7e0


Dynamic libraries:
0x00007ff7a83c0000 - 0x00007ff7a83d0000 	C:\Program Files\Java\jdk-23\bin\java.exe
0x00007ffe89830000 - 0x00007ffe89a27000 	C:\WINDOWS\SYSTEM32\ntdll.dll
0x00007ffe88410000 - 0x00007ffe884cd000 	C:\WINDOWS\System32\KERNEL32.DLL
0x00007ffe86f10000 - 0x00007ffe87206000 	C:\WINDOWS\System32\KERNELBASE.dll
0x00007ffe87330000 - 0x00007ffe87430000 	C:\WINDOWS\System32\ucrtbase.dll
0x00007ffe84230000 - 0x00007ffe84247000 	C:\Program Files\Java\jdk-23\bin\jli.dll
0x00007ffe83970000 - 0x00007ffe8398b000 	C:\Program Files\Java\jdk-23\bin\VCRUNTIME140.dll
0x00007ffe88c90000 - 0x00007ffe88e2e000 	C:\WINDOWS\System32\USER32.dll
0x00007ffe87560000 - 0x00007ffe87582000 	C:\WINDOWS\System32\win32u.dll
0x00007ffe88e30000 - 0x00007ffe88e5c000 	C:\WINDOWS\System32\GDI32.dll
0x00007ffe87210000 - 0x00007ffe8732a000 	C:\WINDOWS\System32\gdi32full.dll
0x00007ffe87600000 - 0x00007ffe8769d000 	C:\WINDOWS\System32\msvcp_win.dll
0x00007ffe6f9d0000 - 0x00007ffe6fc6a000 	C:\WINDOWS\WinSxS\amd64_microsoft.windows.common-controls_6595b64144ccf1df_6.0.19041.3570_none_60bb2a3971f3e41a\COMCTL32.dll
0x00007ffe88e60000 - 0x00007ffe88efe000 	C:\WINDOWS\System32\msvcrt.dll
0x00007ffe87b80000 - 0x00007ffe87bb0000 	C:\WINDOWS\System32\IMM32.DLL
0x00007ffe84150000 - 0x00007ffe8415c000 	C:\Program Files\Java\jdk-23\bin\vcruntime140_1.dll
0x00007ffe7f430000 - 0x00007ffe7f4be000 	C:\Program Files\Java\jdk-23\bin\msvcp140.dll
0x00007ffe43f80000 - 0x00007ffe44cd0000 	C:\Program Files\Java\jdk-23\bin\server\jvm.dll
0x00007ffe88be0000 - 0x00007ffe88c8e000 	C:\WINDOWS\System32\ADVAPI32.dll
0x00007ffe878a0000 - 0x00007ffe8793c000 	C:\WINDOWS\System32\sechost.dll
0x00007ffe879c0000 - 0x00007ffe87ae6000 	C:\WINDOWS\System32\RPCRT4.dll
0x00007ffe88f10000 - 0x00007ffe88f7b000 	C:\WINDOWS\System32\WS2_32.dll
0x00007ffe86d70000 - 0x00007ffe86dbb000 	C:\WINDOWS\SYSTEM32\POWRPROF.dll
0x00007ffe7b940000 - 0x00007ffe7b967000 	C:\WINDOWS\SYSTEM32\WINMM.dll
0x00007ffe70d90000 - 0x00007ffe70d9a000 	C:\WINDOWS\SYSTEM32\VERSION.dll
0x00007ffe86d50000 - 0x00007ffe86d62000 	C:\WINDOWS\SYSTEM32\UMPDC.dll
0x00007ffe85740000 - 0x00007ffe85752000 	C:\WINDOWS\SYSTEM32\kernel.appcore.dll
0x00007ffe82100000 - 0x00007ffe8210a000 	C:\Program Files\Java\jdk-23\bin\jimage.dll
0x00007ffe84b30000 - 0x00007ffe84d14000 	C:\WINDOWS\SYSTEM32\DBGHELP.DLL
0x00007ffe6eee0000 - 0x00007ffe6ef14000 	C:\WINDOWS\SYSTEM32\dbgcore.DLL
0x00007ffe876a0000 - 0x00007ffe87722000 	C:\WINDOWS\System32\bcryptPrimitives.dll
0x00007ffe820f0000 - 0x00007ffe820ff000 	C:\Program Files\Java\jdk-23\bin\instrument.dll
0x00007ffe81fd0000 - 0x00007ffe81fee000 	C:\Program Files\Java\jdk-23\bin\java.dll
0x00007ffe895e0000 - 0x00007ffe8970b000 	C:\WINDOWS\System32\ole32.dll
0x00007ffe88680000 - 0x00007ffe889d4000 	C:\WINDOWS\System32\combase.dll
0x00007ffe87bb0000 - 0x00007ffe882f4000 	C:\WINDOWS\System32\SHELL32.dll
0x00007ffe84f90000 - 0x00007ffe8572b000 	C:\WINDOWS\SYSTEM32\windows.storage.dll
0x00007ffe86880000 - 0x00007ffe868ad000 	C:\WINDOWS\SYSTEM32\Wldp.dll
0x00007ffe88300000 - 0x00007ffe883ad000 	C:\WINDOWS\System32\SHCORE.dll
0x00007ffe883b0000 - 0x00007ffe88405000 	C:\WINDOWS\System32\shlwapi.dll
0x00007ffe86e40000 - 0x00007ffe86e65000 	C:\WINDOWS\SYSTEM32\profapi.dll
0x00007ffe62560000 - 0x00007ffe62637000 	C:\Program Files\Java\jdk-23\bin\jsvml.dll
0x00007ffe81bb0000 - 0x00007ffe81bc7000 	C:\Program Files\Java\jdk-23\bin\zip.dll
0x00007ffe820e0000 - 0x00007ffe820f0000 	C:\Program Files\Java\jdk-23\bin\net.dll
0x00007ffe865e0000 - 0x00007ffe8664a000 	C:\WINDOWS\system32\mswsock.dll
0x00007ffe7f9e0000 - 0x00007ffe7f9f6000 	C:\Program Files\Java\jdk-23\bin\nio.dll
0x00007ffe82080000 - 0x00007ffe82089000 	C:\Program Files\Java\jdk-23\bin\extnet.dll
0x00007ffe5f0f0000 - 0x00007ffe5f27e000 	C:\Program Files\Java\jdk-23\bin\awt.dll
0x00007ffe889e0000 - 0x00007ffe88aad000 	C:\WINDOWS\System32\OLEAUT32.dll
0x00007ffe84410000 - 0x00007ffe844a0000 	C:\WINDOWS\SYSTEM32\apphelp.dll
0x00007ffe846f0000 - 0x00007ffe8471f000 	C:\WINDOWS\system32\DWMAPI.DLL
0x00007ffe84510000 - 0x00007ffe845ae000 	C:\WINDOWS\system32\uxtheme.dll
0x00007ffe61a30000 - 0x00007ffe61b55000 	C:\WINDOWS\system32\opengl32.dll
0x00007ffe81550000 - 0x00007ffe8157c000 	C:\WINDOWS\SYSTEM32\GLU32.dll
0x00007ffe88ac0000 - 0x00007ffe88bd4000 	C:\WINDOWS\System32\MSCTF.dll
0x00007ffe7f400000 - 0x00007ffe7f42e000 	C:\Program Files\Java\jdk-23\bin\javajpeg.dll
0x00007ffe6daa0000 - 0x00007ffe6db27000 	C:\Program Files\Java\jdk-23\bin\freetype.dll
0x00007ffe5ea90000 - 0x00007ffe5eb67000 	C:\Program Files\Java\jdk-23\bin\fontmanager.dll
0x00007ffe7a5b0000 - 0x00007ffe7a6aa000 	C:\WINDOWS\SYSTEM32\textinputframework.dll
0x00007ffe84050000 - 0x00007ffe84142000 	C:\WINDOWS\System32\CoreMessaging.dll
0x00007ffe83cf0000 - 0x00007ffe8404b000 	C:\WINDOWS\System32\CoreUIComponents.dll
0x00007ffe86010000 - 0x00007ffe86043000 	C:\WINDOWS\SYSTEM32\ntmarta.dll
0x00007ffe82800000 - 0x00007ffe82955000 	C:\WINDOWS\SYSTEM32\wintypes.dll

dbghelp: loaded successfully - version: 4.0.5 - missing functions: none
symbol engine: initialized successfully - sym options: 0x614 - pdb path: .;C:\Program Files\Java\jdk-23\bin;C:\WINDOWS\SYSTEM32;C:\WINDOWS\WinSxS\amd64_microsoft.windows.common-controls_6595b64144ccf1df_6.0.19041.3570_none_60bb2a3971f3e41a;C:\Program Files\Java\jdk-23\bin\server

VM Arguments:
jvm_args: --enable-preview -javaagent:C:\Program Files\JetBrains\IntelliJ IDEA 2025.3.3\lib\idea_rt.jar=51432 -Dfile.encoding=UTF-8 -Dsun.stdout.encoding=UTF-8 -Dsun.stderr.encoding=UTF-8 
java_command: Welcome
java_class_path (initial): C:\Users\administrator\Documents\Alan Nhanala\Alan Nhanala\ISCTEM\Ensino Universit嫫io\VII Semestre - 2026 (SEMI-FINAL)\1. Algorithms & Data Structures\P R A T I C A\Trabalho Pratico II\C鏚igos\Supermarket\out\production\Supermarket
Launcher Type: SUN_STANDARD

[Global flags]
     intx CICompilerCount                          = 3                                         {product} {ergonomic}
     uint ConcGCThreads                            = 1                                         {product} {ergonomic}
     uint G1ConcRefinementThreads                  = 4                                         {product} {ergonomic}
   size_t G1HeapRegionSize                         = 1048576                                   {product} {ergonomic}
   size_t InitialHeapSize                          = 132120576                                 {product} {ergonomic}
   size_t MarkStackSize                            = 4194304                                   {product} {ergonomic}
   size_t MarkStackSizeMax                         = 536870912                                 {product} {ergonomic}
   size_t MaxHeapSize                              = 2082471936                                {product} {ergonomic}
   size_t MaxNewSize                               = 1248854016                                {product} {ergonomic}
   size_t MinHeapDeltaBytes                        = 1048576                                   {product} {ergonomic}
   size_t MinHeapSize                              = 8388608                                   {product} {ergonomic}
    uintx NonNMethodCodeHeapSize                   = 5832704                                {pd product} {ergonomic}
    uintx NonProfiledCodeHeapSize                  = 122945536                              {pd product} {ergonomic}
    uintx ProfiledCodeHeapSize                     = 122880000                              {pd product} {ergonomic}
    uintx ReservedCodeCacheSize                    = 251658240                              {pd product} {ergonomic}
     bool SegmentedCodeCache                       = true                                      {product} {ergonomic}
   size_t SoftMaxHeapSize                          = 2082471936                             {manageable} {ergonomic}
     bool UseCompressedOops                        = true                           {product lp64_product} {ergonomic}
     bool UseG1GC                                  = true                                      {product} {ergonomic}
     bool UseLargePagesIndividualAllocation        = false                                  {pd product} {ergonomic}

Logging:
Log output configuration:
 #0: stdout all=warning uptime,level,tags foldmultilines=false
 #1: stderr all=off uptime,level,tags foldmultilines=false

Environment Variables:
PATH=C:\Program Files (x86)\Common Files\Intel\Shared Libraries\redist\intel64_win\compiler;C:\Program Files\Common Files\Oracle\Java\javapath;C:\WINDOWS\system32;C:\WINDOWS;C:\WINDOWS\System32\Wbem;C:\WINDOWS\System32\WindowsPowerShell\v1.0\;C:\WINDOWS\System32\OpenSSH\;C:\Program Files\Git\cmd;C:\Program Files\MySQL\MySQL Server 8.0\bin;;C:\Program Files\Gpg4win\..\GnuPG\bin;C:\Program Files\MySQL\MySQL Shell 8.0\bin\;C:\Users\administrator\AppData\Local\Programs\Python\Launcher\;C:\Users\administrator\AppData\Local\Microsoft\WindowsApps;C:\Users\administrator\AppData\Local\Programs\Microsoft VS Code\bin;C:\Program Files\JetBrains\IntelliJ IDEA 2025.3.3\bin;C:\Program Files (x86)\Nmap
USERNAME=administrator
OS=Windows_NT
PROCESSOR_IDENTIFIER=Intel64 Family 6 Model 190 Stepping 0, GenuineIntel
TMP=C:\Users\ADMINI~1\AppData\Local\Temp
TEMP=C:\Users\ADMINI~1\AppData\Local\Temp




Periodic native trim disabled

---------------  S Y S T E M  ---------------

OS:
 Windows 10 , 64 bit Build 19041 (10.0.19041.3570)
OS uptime: 0 days 15:57 hours

CPU: total 4 (initial active 4) (4 cores per cpu, 1 threads per core) family 6 model 190 stepping 0 microcode 0xe, cx8, cmov, fxsr, mmx, 3dnowpref, sse, sse2, sse3, ssse3, sse4.1, sse4.2, popcnt, lzcnt, tsc, tscinvbit, avx, avx2, aes, erms, clmul, bmi1, bmi2, adx, sha, fma, vzeroupper, clflush, clflushopt, clwb, serialize, rdtscp, rdpid, fsrm, gfni, f16c, pku, cet_ibt, cet_ss
Processor Information for the first 4 processors :
  Max Mhz: 800, Current Mhz: 800, Mhz Limit: 800

Memory: 4k page, system-wide physical 7936M (410M free)
TotalPageFile size 32512M (AvailPageFile size 56M)
current process WorkingSet (physical memory assigned to process): 231M, peak: 231M
current process commit charge ("private bytes"): 262M, peak: 314M

vm_info: Java HotSpot(TM) 64-Bit Server VM (23.0.2+7-58) for windows-amd64 JRE (23.0.2+7-58), built on 2024-11-29T09:34:55Z with MS VC++ 17.6 (VS2022)

END.
