#
# There is insufficient memory for the Java Runtime Environment to continue.
# Native memory allocation (malloc) failed to allocate 32744 bytes. Error detail: Chunk::new
# Possible reasons:
#   The system is out of physical RAM or swap space
#   This process is running with CompressedOops enabled, and the Java Heap may be blocking the growth of the native heap
# Possible solutions:
#   Reduce memory load on the system
#   Increase physical memory or swap space
#   Check if swap backing store is full
#   Decrease Java heap size (-Xmx/-Xms)
#   Decrease number of Java threads
#   Decrease Java thread stack sizes (-Xss)
#   Set larger code cache with -XX:ReservedCodeCacheSize=
#   JVM is running with Unscaled Compressed Oops mode in which the Java heap is
#     placed in the first 4GB address space. The Java Heap base address is the
#     maximum limit for the native heap growth. Please use -XX:HeapBaseMinAddress
#     to set the Java Heap base and to place the Java Heap above 4GB virtual address.
# This output file may be truncated or incomplete.
#
#  Out of Memory Error (arena.cpp:149), pid=12496, tid=5808
#
# JRE version: Java(TM) SE Runtime Environment (23.0.2+7) (build 23.0.2+7-58)
# Java VM: Java HotSpot(TM) 64-Bit Server VM (23.0.2+7-58, mixed mode, sharing, tiered, compressed oops, compressed class ptrs, g1 gc, windows-amd64)
# No core dump will be written. Minidumps are not enabled by default on client versions of Windows
#

---------------  S U M M A R Y ------------

Command Line: --enable-preview -javaagent:C:\Program Files\JetBrains\IntelliJ IDEA 2025.3.3\lib\idea_rt.jar=37034 -Dfile.encoding=UTF-8 -Dsun.stdout.encoding=UTF-8 -Dsun.stderr.encoding=UTF-8 Welcome

Host: Intel(R) N100, 4 cores, 7G,  Windows 10 , 64 bit Build 19041 (10.0.19041.3570)
Time: Thu May 28 11:54:58 2026 Hora de Ver緌 Europa Central elapsed time: 506.403926 seconds (0d 0h 8m 26s)

---------------  T H R E A D  ---------------

Current thread (0x00000178b477d590):  JavaThread "C2 CompilerThread0" daemon [_thread_in_native, id=5808, stack(0x0000005e03200000,0x0000005e03300000) (1024K)]


Current CompileTask:
C2:506404 3583       4       java.awt.Component::dispatchEventImpl (785 bytes)

Stack: [0x0000005e03200000,0x0000005e03300000]
Native frames: (J=compiled Java code, j=interpreted, Vv=VM code, C=native code)
V  [jvm.dll+0x6e0b99]  (no source info available)
V  [jvm.dll+0x87e2b3]  (no source info available)
V  [jvm.dll+0x88073e]  (no source info available)
V  [jvm.dll+0x880e13]  (no source info available)
V  [jvm.dll+0x27b006]  (no source info available)
V  [jvm.dll+0xbc06f]  (no source info available)
V  [jvm.dll+0xbc2cb]  (no source info available)
V  [jvm.dll+0x3b1593]  (no source info available)
V  [jvm.dll+0x3205b2]  (no source info available)
V  [jvm.dll+0x31f780]  (no source info available)
V  [jvm.dll+0x133b0c]  (no source info available)
V  [jvm.dll+0x396831]  (no source info available)
V  [jvm.dll+0x5dc617]  (no source info available)
V  [jvm.dll+0x5e0389]  (no source info available)
V  [jvm.dll+0x5c82a4]  (no source info available)
V  [jvm.dll+0x1c70db]  (no source info available)
V  [jvm.dll+0x2edc7f]  (no source info available)
V  [jvm.dll+0x6f9c87]  (no source info available)
V  [jvm.dll+0x6f1fdf]  (no source info available)
V  [jvm.dll+0x6f1417]  (no source info available)
V  [jvm.dll+0x6ef5e5]  (no source info available)
V  [jvm.dll+0x1c655c]  (no source info available)
V  [jvm.dll+0x1c70db]  (no source info available)
V  [jvm.dll+0x2edc7f]  (no source info available)
V  [jvm.dll+0x6f9c87]  (no source info available)
V  [jvm.dll+0x6f1fdf]  (no source info available)
V  [jvm.dll+0x6f1417]  (no source info available)
V  [jvm.dll+0x6ef5e5]  (no source info available)
V  [jvm.dll+0x1c655c]  (no source info available)
V  [jvm.dll+0x243abc]  (no source info available)
V  [jvm.dll+0x1c34b0]  (no source info available)
V  [jvm.dll+0x253df1]  (no source info available)
V  [jvm.dll+0x2520aa]  (no source info available)
V  [jvm.dll+0x3ee226]  (no source info available)
V  [jvm.dll+0x8254cb]  (no source info available)
V  [jvm.dll+0x6df345]  (no source info available)
C  [ucrtbase.dll+0x21bb2]  (no source info available)
C  [KERNEL32.DLL+0x17344]  (no source info available)
C  [ntdll.dll+0x526b1]  (no source info available)

Lock stack of current Java thread (top to bottom):


---------------  P R O C E S S  ---------------

Threads class SMR info:
_java_thread_list=0x00000178fb2c5140, length=17, elements={
0x00000178b47673b0, 0x00000178b476a290, 0x00000178b476d2a0, 0x00000178b476dd00,
0x00000178b47700c0, 0x00000178b477c060, 0x00000178b477d590, 0x00000178b47725f0,
0x00000178b486ca80, 0x00000178b49f7640, 0x00000178b498fb80, 0x00000178b4ab9ad0,
0x00000178b4ac1750, 0x00000178b4bedf00, 0x00000178b4b64540, 0x000001789836c040,
0x00000178b4bc2b80
}

Java Threads: ( => current thread )
  0x00000178b47673b0 JavaThread "Reference Handler"          daemon [_thread_blocked, id=19788, stack(0x0000005e02c00000,0x0000005e02d00000) (1024K)]
  0x00000178b476a290 JavaThread "Finalizer"                  daemon [_thread_blocked, id=17688, stack(0x0000005e02d00000,0x0000005e02e00000) (1024K)]
  0x00000178b476d2a0 JavaThread "Signal Dispatcher"          daemon [_thread_blocked, id=18160, stack(0x0000005e02e00000,0x0000005e02f00000) (1024K)]
  0x00000178b476dd00 JavaThread "Attach Listener"            daemon [_thread_blocked, id=19084, stack(0x0000005e02f00000,0x0000005e03000000) (1024K)]
  0x00000178b47700c0 JavaThread "Service Thread"             daemon [_thread_blocked, id=12424, stack(0x0000005e03000000,0x0000005e03100000) (1024K)]
  0x00000178b477c060 JavaThread "Monitor Deflation Thread"   daemon [_thread_blocked, id=11560, stack(0x0000005e03100000,0x0000005e03200000) (1024K)]
=>0x00000178b477d590 JavaThread "C2 CompilerThread0"         daemon [_thread_in_native, id=5808, stack(0x0000005e03200000,0x0000005e03300000) (1024K)]
  0x00000178b47725f0 JavaThread "C1 CompilerThread0"         daemon [_thread_blocked, id=3028, stack(0x0000005e03300000,0x0000005e03400000) (1024K)]
  0x00000178b486ca80 JavaThread "Common-Cleaner"             daemon [_thread_blocked, id=19064, stack(0x0000005e03400000,0x0000005e03500000) (1024K)]
  0x00000178b49f7640 JavaThread "Monitor Ctrl-Break"         daemon [_thread_in_native, id=19020, stack(0x0000005e03500000,0x0000005e03600000) (1024K)]
  0x00000178b498fb80 JavaThread "Notification Thread"        daemon [_thread_blocked, id=19840, stack(0x0000005e03600000,0x0000005e03700000) (1024K)]
  0x00000178b4ab9ad0 JavaThread "Java2D Disposer"            daemon [_thread_blocked, id=16692, stack(0x0000005e03700000,0x0000005e03800000) (1024K)]
  0x00000178b4ac1750 JavaThread "AWT-Windows"                daemon [_thread_in_native, id=16700, stack(0x0000005e03900000,0x0000005e03a00000) (1024K)]
  0x00000178b4bedf00 JavaThread "AWT-Shutdown"                      [_thread_blocked, id=21496, stack(0x0000005e03800000,0x0000005e03900000) (1024K)]
  0x00000178b4b64540 JavaThread "AWT-EventQueue-0"                  [_thread_blocked, id=19448, stack(0x0000005e03e00000,0x0000005e03f00000) (1024K)]
  0x000001789836c040 JavaThread "DestroyJavaVM"                     [_thread_blocked, id=14756, stack(0x0000005e02400000,0x0000005e02500000) (1024K)]
  0x00000178b4bc2b80 JavaThread "TimerQueue"                 daemon [_thread_blocked, id=18012, stack(0x0000005e02200000,0x0000005e02300000) (1024K)]
Total: 17

Other Threads:
  0x00000178b474b6b0 VMThread "VM Thread"                           [id=18100, stack(0x0000005e02b00000,0x0000005e02c00000) (1024K)]
  0x00000178b4739bf0 WatcherThread "VM Periodic Task Thread"        [id=6368, stack(0x0000005e02a00000,0x0000005e02b00000) (1024K)]
  0x00000178983c4660 WorkerThread "GC Thread#0"                     [id=1396, stack(0x0000005e02500000,0x0000005e02600000) (1024K)]
  0x00000178b4b5b010 WorkerThread "GC Thread#1"                     [id=19892, stack(0x0000005e03b00000,0x0000005e03c00000) (1024K)]
  0x00000178b4b5b3c0 WorkerThread "GC Thread#2"                     [id=17248, stack(0x0000005e03c00000,0x0000005e03d00000) (1024K)]
  0x00000178b4b5b770 WorkerThread "GC Thread#3"                     [id=7248, stack(0x0000005e03d00000,0x0000005e03e00000) (1024K)]
  0x00000178961addc0 ConcurrentGCThread "G1 Main Marker"            [id=32, stack(0x0000005e02600000,0x0000005e02700000) (1024K)]
  0x00000178961ae990 WorkerThread "G1 Conc#0"                       [id=19068, stack(0x0000005e02700000,0x0000005e02800000) (1024K)]
  0x00000178b46120c0 ConcurrentGCThread "G1 Refine#0"               [id=20764, stack(0x0000005e02800000,0x0000005e02900000) (1024K)]
  0x0000017898439640 ConcurrentGCThread "G1 Service"                [id=12200, stack(0x0000005e02900000,0x0000005e02a00000) (1024K)]
Total: 10

Threads with active compile tasks:
C2 CompilerThread0  506508 3583       4       java.awt.Component::dispatchEventImpl (785 bytes)
Total: 1

VM state: not at safepoint (normal execution)

VM Mutex/Monitor currently owned by a thread: None

Heap address: 0x0000000083e00000, size: 1986 MB, Compressed Oops mode: 32-bit

CDS archive(s) mapped at: [0x00000178b5000000-0x00000178b5d70000-0x00000178b5d70000), size 14090240, SharedBaseAddress: 0x00000178b5000000, ArchiveRelocationMode: 1.
Compressed class space mapped at: 0x00000178b6000000-0x00000178f6000000, reserved size: 1073741824
Narrow klass base: 0x00000178b5000000, Narrow klass shift: 0, Narrow klass range: 0x41000000

GC Precious Log:
 CardTable entry size: 512
 Card Set container configuration: InlinePtr #cards 5 size 8 Array Of Cards #cards 10 size 36 Howl #buckets 4 coarsen threshold 1843 Howl Bitmap #cards 512 size 80 coarsen threshold 460 Card regions per heap region 1 cards per card region 2048
 CPUs: 4 total, 4 available
 Memory: 7936M
 Large Page Support: Disabled
 NUMA Support: Disabled
 Compressed Oops: Enabled (32-bit)
 Heap Region Size: 1M
 Heap Min Capacity: 8M
 Heap Initial Capacity: 126M
 Heap Max Capacity: 1986M
 Pre-touch: Disabled
 Parallel Workers: 4
 Concurrent Workers: 1
 Concurrent Refinement Workers: 4
 Periodic GC: Disabled

Heap:
 garbage-first heap   total reserved 2033664K, committed 334848K, used 218278K [0x0000000083e00000, 0x0000000100000000)
  region size 1024K, 24 young (24576K), 5 survivors (5120K)
 Metaspace       used 15405K, committed 16000K, reserved 1114112K
  class space    used 1836K, committed 2112K, reserved 1048576K

Heap Regions: E=young(eden), S=young(survivor), O=old, HS=humongous(starts), HC=humongous(continues), CS=collection set, F=free, TAMS=top-at-mark-start, PB=parsable bottom
|   0|0x0000000083e00000, 0x0000000083f00000, 0x0000000083f00000|100%|HS|  |TAMS 0x0000000083e00000| PB 0x0000000083e00000| Complete |  0
|   1|0x0000000083f00000, 0x0000000084000000, 0x0000000084000000|100%|HC|  |TAMS 0x0000000083f00000| PB 0x0000000083f00000| Complete |  0
|   2|0x0000000084000000, 0x0000000084100000, 0x0000000084100000|100%|HC|  |TAMS 0x0000000084000000| PB 0x0000000084000000| Complete |  0
|   3|0x0000000084100000, 0x0000000084200000, 0x0000000084200000|100%|HC|  |TAMS 0x0000000084100000| PB 0x0000000084100000| Complete |  0
|   4|0x0000000084200000, 0x0000000084300000, 0x0000000084300000|100%|HC|  |TAMS 0x0000000084200000| PB 0x0000000084200000| Complete |  0
|   5|0x0000000084300000, 0x0000000084400000, 0x0000000084400000|100%|HC|  |TAMS 0x0000000084300000| PB 0x0000000084300000| Complete |  0
|   6|0x0000000084400000, 0x0000000084500000, 0x0000000084500000|100%|HC|  |TAMS 0x0000000084400000| PB 0x0000000084400000| Complete |  0
|   7|0x0000000084500000, 0x0000000084600000, 0x0000000084600000|100%|HC|  |TAMS 0x0000000084500000| PB 0x0000000084500000| Complete |  0
|   8|0x0000000084600000, 0x0000000084700000, 0x0000000084700000|100%|HC|  |TAMS 0x0000000084600000| PB 0x0000000084600000| Complete |  0
|   9|0x0000000084700000, 0x0000000084800000, 0x0000000084800000|100%|HC|  |TAMS 0x0000000084700000| PB 0x0000000084700000| Complete |  0
|  10|0x0000000084800000, 0x0000000084900000, 0x0000000084900000|100%|HC|  |TAMS 0x0000000084800000| PB 0x0000000084800000| Complete |  0
|  11|0x0000000084900000, 0x0000000084a00000, 0x0000000084a00000|100%|HC|  |TAMS 0x0000000084900000| PB 0x0000000084900000| Complete |  0
|  12|0x0000000084a00000, 0x0000000084b00000, 0x0000000084b00000|100%|HC|  |TAMS 0x0000000084a00000| PB 0x0000000084a00000| Complete |  0
|  13|0x0000000084b00000, 0x0000000084c00000, 0x0000000084c00000|100%|HC|  |TAMS 0x0000000084b00000| PB 0x0000000084b00000| Complete |  0
|  14|0x0000000084c00000, 0x0000000084d00000, 0x0000000084d00000|100%|HC|  |TAMS 0x0000000084c00000| PB 0x0000000084c00000| Complete |  0
|  15|0x0000000084d00000, 0x0000000084e00000, 0x0000000084e00000|100%|HC|  |TAMS 0x0000000084d00000| PB 0x0000000084d00000| Complete |  0
|  16|0x0000000084e00000, 0x0000000084f00000, 0x0000000084f00000|100%|HC|  |TAMS 0x0000000084e00000| PB 0x0000000084e00000| Complete |  0
|  17|0x0000000084f00000, 0x0000000085000000, 0x0000000085000000|100%|HC|  |TAMS 0x0000000084f00000| PB 0x0000000084f00000| Complete |  0
|  18|0x0000000085000000, 0x0000000085100000, 0x0000000085100000|100%|HC|  |TAMS 0x0000000085000000| PB 0x0000000085000000| Complete |  0
|  19|0x0000000085100000, 0x0000000085200000, 0x0000000085200000|100%|HC|  |TAMS 0x0000000085100000| PB 0x0000000085100000| Complete |  0
|  20|0x0000000085200000, 0x0000000085300000, 0x0000000085300000|100%|HC|  |TAMS 0x0000000085200000| PB 0x0000000085200000| Complete |  0
|  21|0x0000000085300000, 0x0000000085400000, 0x0000000085400000|100%|HC|  |TAMS 0x0000000085300000| PB 0x0000000085300000| Complete |  0
|  22|0x0000000085400000, 0x0000000085500000, 0x0000000085500000|100%|HC|  |TAMS 0x0000000085400000| PB 0x0000000085400000| Complete |  0
|  23|0x0000000085500000, 0x0000000085600000, 0x0000000085600000|100%|HC|  |TAMS 0x0000000085500000| PB 0x0000000085500000| Complete |  0
|  24|0x0000000085600000, 0x0000000085700000, 0x0000000085700000|100%|HC|  |TAMS 0x0000000085600000| PB 0x0000000085600000| Complete |  0
|  25|0x0000000085700000, 0x0000000085800000, 0x0000000085800000|100%|HC|  |TAMS 0x0000000085700000| PB 0x0000000085700000| Complete |  0
|  26|0x0000000085800000, 0x0000000085900000, 0x0000000085900000|100%|HC|  |TAMS 0x0000000085800000| PB 0x0000000085800000| Complete |  0
|  27|0x0000000085900000, 0x0000000085a00000, 0x0000000085a00000|100%|HC|  |TAMS 0x0000000085900000| PB 0x0000000085900000| Complete |  0
|  28|0x0000000085a00000, 0x0000000085b00000, 0x0000000085b00000|100%|HC|  |TAMS 0x0000000085a00000| PB 0x0000000085a00000| Complete |  0
|  29|0x0000000085b00000, 0x0000000085c00000, 0x0000000085c00000|100%|HC|  |TAMS 0x0000000085b00000| PB 0x0000000085b00000| Complete |  0
|  30|0x0000000085c00000, 0x0000000085d00000, 0x0000000085d00000|100%|HC|  |TAMS 0x0000000085c00000| PB 0x0000000085c00000| Complete |  0
|  31|0x0000000085d00000, 0x0000000085e00000, 0x0000000085e00000|100%|HC|  |TAMS 0x0000000085d00000| PB 0x0000000085d00000| Complete |  0
|  32|0x0000000085e00000, 0x0000000085f00000, 0x0000000085f00000|100%|HC|  |TAMS 0x0000000085e00000| PB 0x0000000085e00000| Complete |  0
|  33|0x0000000085f00000, 0x0000000086000000, 0x0000000086000000|100%|HC|  |TAMS 0x0000000085f00000| PB 0x0000000085f00000| Complete |  0
|  34|0x0000000086000000, 0x0000000086100000, 0x0000000086100000|100%|HC|  |TAMS 0x0000000086000000| PB 0x0000000086000000| Complete |  0
|  35|0x0000000086100000, 0x0000000086200000, 0x0000000086200000|100%|HC|  |TAMS 0x0000000086100000| PB 0x0000000086100000| Complete |  0
|  36|0x0000000086200000, 0x0000000086300000, 0x0000000086300000|100%|HC|  |TAMS 0x0000000086200000| PB 0x0000000086200000| Complete |  0
|  37|0x0000000086300000, 0x0000000086400000, 0x0000000086400000|100%|HC|  |TAMS 0x0000000086300000| PB 0x0000000086300000| Complete |  0
|  38|0x0000000086400000, 0x0000000086500000, 0x0000000086500000|100%|HC|  |TAMS 0x0000000086400000| PB 0x0000000086400000| Complete |  0
|  39|0x0000000086500000, 0x0000000086600000, 0x0000000086600000|100%|HC|  |TAMS 0x0000000086500000| PB 0x0000000086500000| Complete |  0
|  40|0x0000000086600000, 0x0000000086700000, 0x0000000086700000|100%|HC|  |TAMS 0x0000000086600000| PB 0x0000000086600000| Complete |  0
|  41|0x0000000086700000, 0x0000000086800000, 0x0000000086800000|100%|HC|  |TAMS 0x0000000086700000| PB 0x0000000086700000| Complete |  0
|  42|0x0000000086800000, 0x0000000086900000, 0x0000000086900000|100%|HC|  |TAMS 0x0000000086800000| PB 0x0000000086800000| Complete |  0
|  43|0x0000000086900000, 0x0000000086a00000, 0x0000000086a00000|100%|HC|  |TAMS 0x0000000086900000| PB 0x0000000086900000| Complete |  0
|  44|0x0000000086a00000, 0x0000000086b00000, 0x0000000086b00000|100%|HC|  |TAMS 0x0000000086a00000| PB 0x0000000086a00000| Complete |  0
|  45|0x0000000086b00000, 0x0000000086c00000, 0x0000000086c00000|100%| O|  |TAMS 0x0000000086b00000| PB 0x0000000086b00000| Untracked |  0
|  46|0x0000000086c00000, 0x0000000086c83040, 0x0000000086d00000| 51%| O|  |TAMS 0x0000000086c00000| PB 0x0000000086c00000| Untracked |  0
|  47|0x0000000086d00000, 0x0000000086d00000, 0x0000000086e00000|  0%| F|  |TAMS 0x0000000086d00000| PB 0x0000000086d00000| Untracked |  0
|  48|0x0000000086e00000, 0x0000000086f00000, 0x0000000086f00000|100%|HS|  |TAMS 0x0000000086e00000| PB 0x0000000086e00000| Complete |  0
|  49|0x0000000086f00000, 0x0000000087000000, 0x0000000087000000|100%|HS|  |TAMS 0x0000000086f00000| PB 0x0000000086f00000| Complete |  0
|  50|0x0000000087000000, 0x0000000087100000, 0x0000000087100000|100%|HC|  |TAMS 0x0000000087000000| PB 0x0000000087000000| Complete |  0
|  51|0x0000000087100000, 0x0000000087200000, 0x0000000087200000|100%|HS|  |TAMS 0x0000000087100000| PB 0x0000000087100000| Complete |  0
|  52|0x0000000087200000, 0x0000000087300000, 0x0000000087300000|100%|HC|  |TAMS 0x0000000087200000| PB 0x0000000087200000| Complete |  0
|  53|0x0000000087300000, 0x0000000087400000, 0x0000000087400000|100%|HC|  |TAMS 0x0000000087300000| PB 0x0000000087300000| Complete |  0
|  54|0x0000000087400000, 0x0000000087500000, 0x0000000087500000|100%|HC|  |TAMS 0x0000000087400000| PB 0x0000000087400000| Complete |  0
|  55|0x0000000087500000, 0x0000000087600000, 0x0000000087600000|100%|HC|  |TAMS 0x0000000087500000| PB 0x0000000087500000| Complete |  0
|  56|0x0000000087600000, 0x0000000087700000, 0x0000000087700000|100%|HC|  |TAMS 0x0000000087600000| PB 0x0000000087600000| Complete |  0
|  57|0x0000000087700000, 0x0000000087800000, 0x0000000087800000|100%|HC|  |TAMS 0x0000000087700000| PB 0x0000000087700000| Complete |  0
|  58|0x0000000087800000, 0x0000000087900000, 0x0000000087900000|100%|HC|  |TAMS 0x0000000087800000| PB 0x0000000087800000| Complete |  0
|  59|0x0000000087900000, 0x0000000087a00000, 0x0000000087a00000|100%|HC|  |TAMS 0x0000000087900000| PB 0x0000000087900000| Complete |  0
|  60|0x0000000087a00000, 0x0000000087b00000, 0x0000000087b00000|100%|HC|  |TAMS 0x0000000087a00000| PB 0x0000000087a00000| Complete |  0
|  61|0x0000000087b00000, 0x0000000087c00000, 0x0000000087c00000|100%|HC|  |TAMS 0x0000000087b00000| PB 0x0000000087b00000| Complete |  0
|  62|0x0000000087c00000, 0x0000000087d00000, 0x0000000087d00000|100%|HC|  |TAMS 0x0000000087c00000| PB 0x0000000087c00000| Complete |  0
|  63|0x0000000087d00000, 0x0000000087e00000, 0x0000000087e00000|100%|HC|  |TAMS 0x0000000087d00000| PB 0x0000000087d00000| Complete |  0
|  64|0x0000000087e00000, 0x0000000087f00000, 0x0000000087f00000|100%|HC|  |TAMS 0x0000000087e00000| PB 0x0000000087e00000| Complete |  0
|  65|0x0000000087f00000, 0x0000000088000000, 0x0000000088000000|100%|HC|  |TAMS 0x0000000087f00000| PB 0x0000000087f00000| Complete |  0
|  66|0x0000000088000000, 0x0000000088100000, 0x0000000088100000|100%|HC|  |TAMS 0x0000000088000000| PB 0x0000000088000000| Complete |  0
|  67|0x0000000088100000, 0x0000000088200000, 0x0000000088200000|100%|HC|  |TAMS 0x0000000088100000| PB 0x0000000088100000| Complete |  0
|  68|0x0000000088200000, 0x0000000088300000, 0x0000000088300000|100%|HC|  |TAMS 0x0000000088200000| PB 0x0000000088200000| Complete |  0
|  69|0x0000000088300000, 0x0000000088400000, 0x0000000088400000|100%|HC|  |TAMS 0x0000000088300000| PB 0x0000000088300000| Complete |  0
|  70|0x0000000088400000, 0x0000000088500000, 0x0000000088500000|100%|HC|  |TAMS 0x0000000088400000| PB 0x0000000088400000| Complete |  0
|  71|0x0000000088500000, 0x0000000088600000, 0x0000000088600000|100%|HC|  |TAMS 0x0000000088500000| PB 0x0000000088500000| Complete |  0
|  72|0x0000000088600000, 0x0000000088700000, 0x0000000088700000|100%|HC|  |TAMS 0x0000000088600000| PB 0x0000000088600000| Complete |  0
|  73|0x0000000088700000, 0x0000000088800000, 0x0000000088800000|100%|HC|  |TAMS 0x0000000088700000| PB 0x0000000088700000| Complete |  0
|  74|0x0000000088800000, 0x0000000088900000, 0x0000000088900000|100%|HC|  |TAMS 0x0000000088800000| PB 0x0000000088800000| Complete |  0
|  75|0x0000000088900000, 0x0000000088a00000, 0x0000000088a00000|100%|HC|  |TAMS 0x0000000088900000| PB 0x0000000088900000| Complete |  0
|  76|0x0000000088a00000, 0x0000000088b00000, 0x0000000088b00000|100%|HC|  |TAMS 0x0000000088a00000| PB 0x0000000088a00000| Complete |  0
|  77|0x0000000088b00000, 0x0000000088c00000, 0x0000000088c00000|100%|HC|  |TAMS 0x0000000088b00000| PB 0x0000000088b00000| Complete |  0
|  78|0x0000000088c00000, 0x0000000088d00000, 0x0000000088d00000|100%|HC|  |TAMS 0x0000000088c00000| PB 0x0000000088c00000| Complete |  0
|  79|0x0000000088d00000, 0x0000000088e00000, 0x0000000088e00000|100%|HC|  |TAMS 0x0000000088d00000| PB 0x0000000088d00000| Complete |  0
|  80|0x0000000088e00000, 0x0000000088f00000, 0x0000000088f00000|100%|HC|  |TAMS 0x0000000088e00000| PB 0x0000000088e00000| Complete |  0
|  81|0x0000000088f00000, 0x0000000089000000, 0x0000000089000000|100%|HC|  |TAMS 0x0000000088f00000| PB 0x0000000088f00000| Complete |  0
|  82|0x0000000089000000, 0x0000000089100000, 0x0000000089100000|100%|HC|  |TAMS 0x0000000089000000| PB 0x0000000089000000| Complete |  0
|  83|0x0000000089100000, 0x0000000089200000, 0x0000000089200000|100%|HC|  |TAMS 0x0000000089100000| PB 0x0000000089100000| Complete |  0
|  84|0x0000000089200000, 0x0000000089300000, 0x0000000089300000|100%|HC|  |TAMS 0x0000000089200000| PB 0x0000000089200000| Complete |  0
|  85|0x0000000089300000, 0x0000000089400000, 0x0000000089400000|100%|HC|  |TAMS 0x0000000089300000| PB 0x0000000089300000| Complete |  0
|  86|0x0000000089400000, 0x0000000089500000, 0x0000000089500000|100%|HC|  |TAMS 0x0000000089400000| PB 0x0000000089400000| Complete |  0
|  87|0x0000000089500000, 0x0000000089600000, 0x0000000089600000|100%|HC|  |TAMS 0x0000000089500000| PB 0x0000000089500000| Complete |  0
|  88|0x0000000089600000, 0x0000000089700000, 0x0000000089700000|100%|HC|  |TAMS 0x0000000089600000| PB 0x0000000089600000| Complete |  0
|  89|0x0000000089700000, 0x0000000089800000, 0x0000000089800000|100%|HC|  |TAMS 0x0000000089700000| PB 0x0000000089700000| Complete |  0
|  90|0x0000000089800000, 0x0000000089900000, 0x0000000089900000|100%|HC|  |TAMS 0x0000000089800000| PB 0x0000000089800000| Complete |  0
|  91|0x0000000089900000, 0x0000000089a00000, 0x0000000089a00000|100%|HC|  |TAMS 0x0000000089900000| PB 0x0000000089900000| Complete |  0
|  92|0x0000000089a00000, 0x0000000089b00000, 0x0000000089b00000|100%|HC|  |TAMS 0x0000000089a00000| PB 0x0000000089a00000| Complete |  0
|  93|0x0000000089b00000, 0x0000000089c00000, 0x0000000089c00000|100%|HC|  |TAMS 0x0000000089b00000| PB 0x0000000089b00000| Complete |  0
|  94|0x0000000089c00000, 0x0000000089d00000, 0x0000000089d00000|100%|HC|  |TAMS 0x0000000089c00000| PB 0x0000000089c00000| Complete |  0
|  95|0x0000000089d00000, 0x0000000089e00000, 0x0000000089e00000|100%|HC|  |TAMS 0x0000000089d00000| PB 0x0000000089d00000| Complete |  0
|  96|0x0000000089e00000, 0x0000000089f00000, 0x0000000089f00000|100%|HC|  |TAMS 0x0000000089e00000| PB 0x0000000089e00000| Complete |  0
|  97|0x0000000089f00000, 0x000000008a000000, 0x000000008a000000|100%|HC|  |TAMS 0x0000000089f00000| PB 0x0000000089f00000| Complete |  0
|  98|0x000000008a000000, 0x000000008a100000, 0x000000008a100000|100%|HC|  |TAMS 0x000000008a000000| PB 0x000000008a000000| Complete |  0
|  99|0x000000008a100000, 0x000000008a200000, 0x000000008a200000|100%|HC|  |TAMS 0x000000008a100000| PB 0x000000008a100000| Complete |  0
| 100|0x000000008a200000, 0x000000008a300000, 0x000000008a300000|100%|HC|  |TAMS 0x000000008a200000| PB 0x000000008a200000| Complete |  0
| 101|0x000000008a300000, 0x000000008a400000, 0x000000008a400000|100%|HC|  |TAMS 0x000000008a300000| PB 0x000000008a300000| Complete |  0
| 102|0x000000008a400000, 0x000000008a500000, 0x000000008a500000|100%|HC|  |TAMS 0x000000008a400000| PB 0x000000008a400000| Complete |  0
| 103|0x000000008a500000, 0x000000008a600000, 0x000000008a600000|100%|HC|  |TAMS 0x000000008a500000| PB 0x000000008a500000| Complete |  0
| 104|0x000000008a600000, 0x000000008a700000, 0x000000008a700000|100%|HC|  |TAMS 0x000000008a600000| PB 0x000000008a600000| Complete |  0
| 105|0x000000008a700000, 0x000000008a800000, 0x000000008a800000|100%|HC|  |TAMS 0x000000008a700000| PB 0x000000008a700000| Complete |  0
| 106|0x000000008a800000, 0x000000008a900000, 0x000000008a900000|100%|HC|  |TAMS 0x000000008a800000| PB 0x000000008a800000| Complete |  0
| 107|0x000000008a900000, 0x000000008aa00000, 0x000000008aa00000|100%|HC|  |TAMS 0x000000008a900000| PB 0x000000008a900000| Complete |  0
| 108|0x000000008aa00000, 0x000000008ab00000, 0x000000008ab00000|100%|HS|  |TAMS 0x000000008aa00000| PB 0x000000008aa00000| Complete |  0
| 109|0x000000008ab00000, 0x000000008ac00000, 0x000000008ac00000|100%|HC|  |TAMS 0x000000008ab00000| PB 0x000000008ab00000| Complete |  0
| 110|0x000000008ac00000, 0x000000008ad00000, 0x000000008ad00000|100%|HC|  |TAMS 0x000000008ac00000| PB 0x000000008ac00000| Complete |  0
| 111|0x000000008ad00000, 0x000000008ad00000, 0x000000008ae00000|  0%| F|  |TAMS 0x000000008ad00000| PB 0x000000008ad00000| Untracked |  0
| 112|0x000000008ae00000, 0x000000008ae00000, 0x000000008af00000|  0%| F|  |TAMS 0x000000008ae00000| PB 0x000000008ae00000| Untracked |  0
| 113|0x000000008af00000, 0x000000008af00000, 0x000000008b000000|  0%| F|  |TAMS 0x000000008af00000| PB 0x000000008af00000| Untracked |  0
| 114|0x000000008b000000, 0x000000008b000000, 0x000000008b100000|  0%| F|  |TAMS 0x000000008b000000| PB 0x000000008b000000| Untracked |  0
| 115|0x000000008b100000, 0x000000008b100000, 0x000000008b200000|  0%| F|  |TAMS 0x000000008b100000| PB 0x000000008b100000| Untracked |  0
| 116|0x000000008b200000, 0x000000008b200000, 0x000000008b300000|  0%| F|  |TAMS 0x000000008b200000| PB 0x000000008b200000| Untracked |  0
| 117|0x000000008b300000, 0x000000008b300000, 0x000000008b400000|  0%| F|  |TAMS 0x000000008b300000| PB 0x000000008b300000| Untracked |  0
| 118|0x000000008b400000, 0x000000008b400000, 0x000000008b500000|  0%| F|  |TAMS 0x000000008b400000| PB 0x000000008b400000| Untracked |  0
| 119|0x000000008b500000, 0x000000008b500000, 0x000000008b600000|  0%| F|  |TAMS 0x000000008b500000| PB 0x000000008b500000| Untracked |  0
| 120|0x000000008b600000, 0x000000008b600000, 0x000000008b700000|  0%| F|  |TAMS 0x000000008b600000| PB 0x000000008b600000| Untracked |  0
| 121|0x000000008b700000, 0x000000008b700000, 0x000000008b800000|  0%| F|  |TAMS 0x000000008b700000| PB 0x000000008b700000| Untracked |  0
| 122|0x000000008b800000, 0x000000008b800000, 0x000000008b900000|  0%| F|  |TAMS 0x000000008b800000| PB 0x000000008b800000| Untracked |  0
| 123|0x000000008b900000, 0x000000008b900000, 0x000000008ba00000|  0%| F|  |TAMS 0x000000008b900000| PB 0x000000008b900000| Untracked |  0
| 124|0x000000008ba00000, 0x000000008ba00000, 0x000000008bb00000|  0%| F|  |TAMS 0x000000008ba00000| PB 0x000000008ba00000| Untracked |  0
| 125|0x000000008bb00000, 0x000000008bb00000, 0x000000008bc00000|  0%| F|  |TAMS 0x000000008bb00000| PB 0x000000008bb00000| Untracked |  0
| 126|0x000000008bc00000, 0x000000008bc00000, 0x000000008bd00000|  0%| F|  |TAMS 0x000000008bc00000| PB 0x000000008bc00000| Untracked |  0
| 127|0x000000008bd00000, 0x000000008bd00000, 0x000000008be00000|  0%| F|  |TAMS 0x000000008bd00000| PB 0x000000008bd00000| Untracked |  0
| 128|0x000000008be00000, 0x000000008be00000, 0x000000008bf00000|  0%| F|  |TAMS 0x000000008be00000| PB 0x000000008be00000| Untracked |  0
| 129|0x000000008bf00000, 0x000000008bf00000, 0x000000008c000000|  0%| F|  |TAMS 0x000000008bf00000| PB 0x000000008bf00000| Untracked |  0
| 130|0x000000008c000000, 0x000000008c000000, 0x000000008c100000|  0%| F|  |TAMS 0x000000008c000000| PB 0x000000008c000000| Untracked |  0
| 131|0x000000008c100000, 0x000000008c100000, 0x000000008c200000|  0%| F|  |TAMS 0x000000008c100000| PB 0x000000008c100000| Untracked |  0
| 132|0x000000008c200000, 0x000000008c200000, 0x000000008c300000|  0%| F|  |TAMS 0x000000008c200000| PB 0x000000008c200000| Untracked |  0
| 133|0x000000008c300000, 0x000000008c300000, 0x000000008c400000|  0%| F|  |TAMS 0x000000008c300000| PB 0x000000008c300000| Untracked |  0
| 134|0x000000008c400000, 0x000000008c400000, 0x000000008c500000|  0%| F|  |TAMS 0x000000008c400000| PB 0x000000008c400000| Untracked |  0
| 135|0x000000008c500000, 0x000000008c500000, 0x000000008c600000|  0%| F|  |TAMS 0x000000008c500000| PB 0x000000008c500000| Untracked |  0
| 136|0x000000008c600000, 0x000000008c600000, 0x000000008c700000|  0%| F|  |TAMS 0x000000008c600000| PB 0x000000008c600000| Untracked |  0
| 137|0x000000008c700000, 0x000000008c700000, 0x000000008c800000|  0%| F|  |TAMS 0x000000008c700000| PB 0x000000008c700000| Untracked |  0
| 138|0x000000008c800000, 0x000000008c800000, 0x000000008c900000|  0%| F|  |TAMS 0x000000008c800000| PB 0x000000008c800000| Untracked |  0
| 139|0x000000008c900000, 0x000000008c900000, 0x000000008ca00000|  0%| F|  |TAMS 0x000000008c900000| PB 0x000000008c900000| Untracked |  0
| 140|0x000000008ca00000, 0x000000008ca00000, 0x000000008cb00000|  0%| F|  |TAMS 0x000000008ca00000| PB 0x000000008ca00000| Untracked |  0
| 141|0x000000008cb00000, 0x000000008cb00000, 0x000000008cc00000|  0%| F|  |TAMS 0x000000008cb00000| PB 0x000000008cb00000| Untracked |  0
| 142|0x000000008cc00000, 0x000000008cc00000, 0x000000008cd00000|  0%| F|  |TAMS 0x000000008cc00000| PB 0x000000008cc00000| Untracked |  0
| 143|0x000000008cd00000, 0x000000008cd00000, 0x000000008ce00000|  0%| F|  |TAMS 0x000000008cd00000| PB 0x000000008cd00000| Untracked |  0
| 144|0x000000008ce00000, 0x000000008ce00000, 0x000000008cf00000|  0%| F|  |TAMS 0x000000008ce00000| PB 0x000000008ce00000| Untracked |  0
| 145|0x000000008cf00000, 0x000000008cf00000, 0x000000008d000000|  0%| F|  |TAMS 0x000000008cf00000| PB 0x000000008cf00000| Untracked |  0
| 146|0x000000008d000000, 0x000000008d000000, 0x000000008d100000|  0%| F|  |TAMS 0x000000008d000000| PB 0x000000008d000000| Untracked |  0
| 147|0x000000008d100000, 0x000000008d100000, 0x000000008d200000|  0%| F|  |TAMS 0x000000008d100000| PB 0x000000008d100000| Untracked |  0
| 148|0x000000008d200000, 0x000000008d200000, 0x000000008d300000|  0%| F|  |TAMS 0x000000008d200000| PB 0x000000008d200000| Untracked |  0
| 149|0x000000008d300000, 0x000000008d300000, 0x000000008d400000|  0%| F|  |TAMS 0x000000008d300000| PB 0x000000008d300000| Untracked |  0
| 150|0x000000008d400000, 0x000000008d400000, 0x000000008d500000|  0%| F|  |TAMS 0x000000008d400000| PB 0x000000008d400000| Untracked |  0
| 151|0x000000008d500000, 0x000000008d500000, 0x000000008d600000|  0%| F|  |TAMS 0x000000008d500000| PB 0x000000008d500000| Untracked |  0
| 152|0x000000008d600000, 0x000000008d600000, 0x000000008d700000|  0%| F|  |TAMS 0x000000008d600000| PB 0x000000008d600000| Untracked |  0
| 153|0x000000008d700000, 0x000000008d700000, 0x000000008d800000|  0%| F|  |TAMS 0x000000008d700000| PB 0x000000008d700000| Untracked |  0
| 154|0x000000008d800000, 0x000000008d800000, 0x000000008d900000|  0%| F|  |TAMS 0x000000008d800000| PB 0x000000008d800000| Untracked |  0
| 155|0x000000008d900000, 0x000000008da00000, 0x000000008da00000|100%|HS|  |TAMS 0x000000008d900000| PB 0x000000008d900000| Complete |  0
| 156|0x000000008da00000, 0x000000008db00000, 0x000000008db00000|100%|HC|  |TAMS 0x000000008da00000| PB 0x000000008da00000| Complete |  0
| 157|0x000000008db00000, 0x000000008dc00000, 0x000000008dc00000|100%|HC|  |TAMS 0x000000008db00000| PB 0x000000008db00000| Complete |  0
| 158|0x000000008dc00000, 0x000000008dd00000, 0x000000008dd00000|100%|HC|  |TAMS 0x000000008dc00000| PB 0x000000008dc00000| Complete |  0
| 159|0x000000008dd00000, 0x000000008de00000, 0x000000008de00000|100%|HC|  |TAMS 0x000000008dd00000| PB 0x000000008dd00000| Complete |  0
| 160|0x000000008de00000, 0x000000008df00000, 0x000000008df00000|100%|HC|  |TAMS 0x000000008de00000| PB 0x000000008de00000| Complete |  0
| 161|0x000000008df00000, 0x000000008e000000, 0x000000008e000000|100%|HC|  |TAMS 0x000000008df00000| PB 0x000000008df00000| Complete |  0
| 162|0x000000008e000000, 0x000000008e100000, 0x000000008e100000|100%|HC|  |TAMS 0x000000008e000000| PB 0x000000008e000000| Complete |  0
| 163|0x000000008e100000, 0x000000008e200000, 0x000000008e200000|100%|HC|  |TAMS 0x000000008e100000| PB 0x000000008e100000| Complete |  0
| 164|0x000000008e200000, 0x000000008e300000, 0x000000008e300000|100%|HC|  |TAMS 0x000000008e200000| PB 0x000000008e200000| Complete |  0
| 165|0x000000008e300000, 0x000000008e400000, 0x000000008e400000|100%|HC|  |TAMS 0x000000008e300000| PB 0x000000008e300000| Complete |  0
| 166|0x000000008e400000, 0x000000008e500000, 0x000000008e500000|100%|HC|  |TAMS 0x000000008e400000| PB 0x000000008e400000| Complete |  0
| 167|0x000000008e500000, 0x000000008e600000, 0x000000008e600000|100%|HC|  |TAMS 0x000000008e500000| PB 0x000000008e500000| Complete |  0
| 168|0x000000008e600000, 0x000000008e700000, 0x000000008e700000|100%|HC|  |TAMS 0x000000008e600000| PB 0x000000008e600000| Complete |  0
| 169|0x000000008e700000, 0x000000008e800000, 0x000000008e800000|100%|HC|  |TAMS 0x000000008e700000| PB 0x000000008e700000| Complete |  0
| 170|0x000000008e800000, 0x000000008e900000, 0x000000008e900000|100%|HC|  |TAMS 0x000000008e800000| PB 0x000000008e800000| Complete |  0
| 171|0x000000008e900000, 0x000000008ea00000, 0x000000008ea00000|100%|HC|  |TAMS 0x000000008e900000| PB 0x000000008e900000| Complete |  0
| 172|0x000000008ea00000, 0x000000008eb00000, 0x000000008eb00000|100%|HC|  |TAMS 0x000000008ea00000| PB 0x000000008ea00000| Complete |  0
| 173|0x000000008eb00000, 0x000000008ec00000, 0x000000008ec00000|100%|HC|  |TAMS 0x000000008eb00000| PB 0x000000008eb00000| Complete |  0
| 174|0x000000008ec00000, 0x000000008ed00000, 0x000000008ed00000|100%|HC|  |TAMS 0x000000008ec00000| PB 0x000000008ec00000| Complete |  0
| 175|0x000000008ed00000, 0x000000008ee00000, 0x000000008ee00000|100%|HC|  |TAMS 0x000000008ed00000| PB 0x000000008ed00000| Complete |  0
| 176|0x000000008ee00000, 0x000000008ef00000, 0x000000008ef00000|100%|HC|  |TAMS 0x000000008ee00000| PB 0x000000008ee00000| Complete |  0
| 177|0x000000008ef00000, 0x000000008f000000, 0x000000008f000000|100%|HC|  |TAMS 0x000000008ef00000| PB 0x000000008ef00000| Complete |  0
| 178|0x000000008f000000, 0x000000008f100000, 0x000000008f100000|100%|HC|  |TAMS 0x000000008f000000| PB 0x000000008f000000| Complete |  0
| 179|0x000000008f100000, 0x000000008f200000, 0x000000008f200000|100%|HC|  |TAMS 0x000000008f100000| PB 0x000000008f100000| Complete |  0
| 180|0x000000008f200000, 0x000000008f300000, 0x000000008f300000|100%|HC|  |TAMS 0x000000008f200000| PB 0x000000008f200000| Complete |  0
| 181|0x000000008f300000, 0x000000008f400000, 0x000000008f400000|100%|HC|  |TAMS 0x000000008f300000| PB 0x000000008f300000| Complete |  0
| 182|0x000000008f400000, 0x000000008f500000, 0x000000008f500000|100%|HC|  |TAMS 0x000000008f400000| PB 0x000000008f400000| Complete |  0
| 183|0x000000008f500000, 0x000000008f600000, 0x000000008f600000|100%|HC|  |TAMS 0x000000008f500000| PB 0x000000008f500000| Complete |  0
| 184|0x000000008f600000, 0x000000008f700000, 0x000000008f700000|100%|HC|  |TAMS 0x000000008f600000| PB 0x000000008f600000| Complete |  0
| 185|0x000000008f700000, 0x000000008f800000, 0x000000008f800000|100%|HC|  |TAMS 0x000000008f700000| PB 0x000000008f700000| Complete |  0
| 186|0x000000008f800000, 0x000000008f900000, 0x000000008f900000|100%|HC|  |TAMS 0x000000008f800000| PB 0x000000008f800000| Complete |  0
| 187|0x000000008f900000, 0x000000008fa00000, 0x000000008fa00000|100%|HC|  |TAMS 0x000000008f900000| PB 0x000000008f900000| Complete |  0
| 188|0x000000008fa00000, 0x000000008fb00000, 0x000000008fb00000|100%|HC|  |TAMS 0x000000008fa00000| PB 0x000000008fa00000| Complete |  0
| 189|0x000000008fb00000, 0x000000008fc00000, 0x000000008fc00000|100%|HC|  |TAMS 0x000000008fb00000| PB 0x000000008fb00000| Complete |  0
| 190|0x000000008fc00000, 0x000000008fd00000, 0x000000008fd00000|100%|HC|  |TAMS 0x000000008fc00000| PB 0x000000008fc00000| Complete |  0
| 191|0x000000008fd00000, 0x000000008fe00000, 0x000000008fe00000|100%|HC|  |TAMS 0x000000008fd00000| PB 0x000000008fd00000| Complete |  0
| 192|0x000000008fe00000, 0x000000008ff00000, 0x000000008ff00000|100%|HC|  |TAMS 0x000000008fe00000| PB 0x000000008fe00000| Complete |  0
| 193|0x000000008ff00000, 0x0000000090000000, 0x0000000090000000|100%|HC|  |TAMS 0x000000008ff00000| PB 0x000000008ff00000| Complete |  0
| 194|0x0000000090000000, 0x0000000090100000, 0x0000000090100000|100%|HC|  |TAMS 0x0000000090000000| PB 0x0000000090000000| Complete |  0
| 195|0x0000000090100000, 0x0000000090200000, 0x0000000090200000|100%|HC|  |TAMS 0x0000000090100000| PB 0x0000000090100000| Complete |  0
| 196|0x0000000090200000, 0x0000000090300000, 0x0000000090300000|100%|HC|  |TAMS 0x0000000090200000| PB 0x0000000090200000| Complete |  0
| 197|0x0000000090300000, 0x0000000090400000, 0x0000000090400000|100%|HC|  |TAMS 0x0000000090300000| PB 0x0000000090300000| Complete |  0
| 198|0x0000000090400000, 0x0000000090500000, 0x0000000090500000|100%|HC|  |TAMS 0x0000000090400000| PB 0x0000000090400000| Complete |  0
| 199|0x0000000090500000, 0x0000000090600000, 0x0000000090600000|100%|HC|  |TAMS 0x0000000090500000| PB 0x0000000090500000| Complete |  0
| 200|0x0000000090600000, 0x0000000090700000, 0x0000000090700000|100%|HC|  |TAMS 0x0000000090600000| PB 0x0000000090600000| Complete |  0
| 201|0x0000000090700000, 0x0000000090800000, 0x0000000090800000|100%|HC|  |TAMS 0x0000000090700000| PB 0x0000000090700000| Complete |  0
| 202|0x0000000090800000, 0x0000000090900000, 0x0000000090900000|100%|HC|  |TAMS 0x0000000090800000| PB 0x0000000090800000| Complete |  0
| 203|0x0000000090900000, 0x0000000090a00000, 0x0000000090a00000|100%|HC|  |TAMS 0x0000000090900000| PB 0x0000000090900000| Complete |  0
| 204|0x0000000090a00000, 0x0000000090b00000, 0x0000000090b00000|100%|HC|  |TAMS 0x0000000090a00000| PB 0x0000000090a00000| Complete |  0
| 205|0x0000000090b00000, 0x0000000090c00000, 0x0000000090c00000|100%|HC|  |TAMS 0x0000000090b00000| PB 0x0000000090b00000| Complete |  0
| 206|0x0000000090c00000, 0x0000000090d00000, 0x0000000090d00000|100%|HC|  |TAMS 0x0000000090c00000| PB 0x0000000090c00000| Complete |  0
| 207|0x0000000090d00000, 0x0000000090e00000, 0x0000000090e00000|100%|HC|  |TAMS 0x0000000090d00000| PB 0x0000000090d00000| Complete |  0
| 208|0x0000000090e00000, 0x0000000090f00000, 0x0000000090f00000|100%|HC|  |TAMS 0x0000000090e00000| PB 0x0000000090e00000| Complete |  0
| 209|0x0000000090f00000, 0x0000000091000000, 0x0000000091000000|100%|HC|  |TAMS 0x0000000090f00000| PB 0x0000000090f00000| Complete |  0
| 210|0x0000000091000000, 0x0000000091100000, 0x0000000091100000|100%|HC|  |TAMS 0x0000000091000000| PB 0x0000000091000000| Complete |  0
| 211|0x0000000091100000, 0x0000000091200000, 0x0000000091200000|100%|HC|  |TAMS 0x0000000091100000| PB 0x0000000091100000| Complete |  0
| 212|0x0000000091200000, 0x0000000091300000, 0x0000000091300000|100%|HC|  |TAMS 0x0000000091200000| PB 0x0000000091200000| Complete |  0
| 213|0x0000000091300000, 0x0000000091400000, 0x0000000091400000|100%|HC|  |TAMS 0x0000000091300000| PB 0x0000000091300000| Complete |  0
| 214|0x0000000091400000, 0x0000000091500000, 0x0000000091500000|100%|HC|  |TAMS 0x0000000091400000| PB 0x0000000091400000| Complete |  0
| 215|0x0000000091500000, 0x0000000091600000, 0x0000000091600000|100%|HC|  |TAMS 0x0000000091500000| PB 0x0000000091500000| Complete |  0
| 216|0x0000000091600000, 0x0000000091700000, 0x0000000091700000|100%|HC|  |TAMS 0x0000000091600000| PB 0x0000000091600000| Complete |  0
| 217|0x0000000091700000, 0x0000000091800000, 0x0000000091800000|100%|HC|  |TAMS 0x0000000091700000| PB 0x0000000091700000| Complete |  0
| 218|0x0000000091800000, 0x0000000091900000, 0x0000000091900000|100%|HC|  |TAMS 0x0000000091800000| PB 0x0000000091800000| Complete |  0
| 219|0x0000000091900000, 0x0000000091a00000, 0x0000000091a00000|100%|HC|  |TAMS 0x0000000091900000| PB 0x0000000091900000| Complete |  0
| 220|0x0000000091a00000, 0x0000000091b00000, 0x0000000091b00000|100%|HC|  |TAMS 0x0000000091a00000| PB 0x0000000091a00000| Complete |  0
| 221|0x0000000091b00000, 0x0000000091c00000, 0x0000000091c00000|100%|HC|  |TAMS 0x0000000091b00000| PB 0x0000000091b00000| Complete |  0
| 222|0x0000000091c00000, 0x0000000091d00000, 0x0000000091d00000|100%|HC|  |TAMS 0x0000000091c00000| PB 0x0000000091c00000| Complete |  0
| 223|0x0000000091d00000, 0x0000000091e00000, 0x0000000091e00000|100%|HC|  |TAMS 0x0000000091d00000| PB 0x0000000091d00000| Complete |  0
| 224|0x0000000091e00000, 0x0000000091f00000, 0x0000000091f00000|100%|HC|  |TAMS 0x0000000091e00000| PB 0x0000000091e00000| Complete |  0
| 225|0x0000000091f00000, 0x0000000092000000, 0x0000000092000000|100%|HC|  |TAMS 0x0000000091f00000| PB 0x0000000091f00000| Complete |  0
| 226|0x0000000092000000, 0x0000000092100000, 0x0000000092100000|100%|HC|  |TAMS 0x0000000092000000| PB 0x0000000092000000| Complete |  0
| 227|0x0000000092100000, 0x0000000092200000, 0x0000000092200000|100%|HC|  |TAMS 0x0000000092100000| PB 0x0000000092100000| Complete |  0
| 228|0x0000000092200000, 0x0000000092300000, 0x0000000092300000|100%|HC|  |TAMS 0x0000000092200000| PB 0x0000000092200000| Complete |  0
| 229|0x0000000092300000, 0x0000000092400000, 0x0000000092400000|100%|HC|  |TAMS 0x0000000092300000| PB 0x0000000092300000| Complete |  0
| 230|0x0000000092400000, 0x0000000092500000, 0x0000000092500000|100%|HC|  |TAMS 0x0000000092400000| PB 0x0000000092400000| Complete |  0
| 231|0x0000000092500000, 0x0000000092600000, 0x0000000092600000|100%|HC|  |TAMS 0x0000000092500000| PB 0x0000000092500000| Complete |  0
| 232|0x0000000092600000, 0x0000000092700000, 0x0000000092700000|100%|HC|  |TAMS 0x0000000092600000| PB 0x0000000092600000| Complete |  0
| 233|0x0000000092700000, 0x0000000092800000, 0x0000000092800000|100%|HC|  |TAMS 0x0000000092700000| PB 0x0000000092700000| Complete |  0
| 234|0x0000000092800000, 0x0000000092900000, 0x0000000092900000|100%|HC|  |TAMS 0x0000000092800000| PB 0x0000000092800000| Complete |  0
| 235|0x0000000092900000, 0x0000000092a00000, 0x0000000092a00000|100%|HC|  |TAMS 0x0000000092900000| PB 0x0000000092900000| Complete |  0
| 236|0x0000000092a00000, 0x0000000092a00000, 0x0000000092b00000|  0%| F|  |TAMS 0x0000000092a00000| PB 0x0000000092a00000| Untracked |  0
| 237|0x0000000092b00000, 0x0000000092b00000, 0x0000000092c00000|  0%| F|  |TAMS 0x0000000092b00000| PB 0x0000000092b00000| Untracked |  0
| 238|0x0000000092c00000, 0x0000000092ca6a60, 0x0000000092d00000| 65%| S|CS|TAMS 0x0000000092c00000| PB 0x0000000092c00000| Complete |  0
| 239|0x0000000092d00000, 0x0000000092e00000, 0x0000000092e00000|100%| S|CS|TAMS 0x0000000092d00000| PB 0x0000000092d00000| Complete |  0
| 240|0x0000000092e00000, 0x0000000092f00000, 0x0000000092f00000|100%| S|CS|TAMS 0x0000000092e00000| PB 0x0000000092e00000| Complete |  0
| 241|0x0000000092f00000, 0x0000000093000000, 0x0000000093000000|100%| S|CS|TAMS 0x0000000092f00000| PB 0x0000000092f00000| Complete |  0
| 242|0x0000000093000000, 0x0000000093100000, 0x0000000093100000|100%| S|CS|TAMS 0x0000000093000000| PB 0x0000000093000000| Complete |  0
| 243|0x0000000093100000, 0x0000000093100000, 0x0000000093200000|  0%| F|  |TAMS 0x0000000093100000| PB 0x0000000093100000| Untracked |  0
| 244|0x0000000093200000, 0x0000000093200000, 0x0000000093300000|  0%| F|  |TAMS 0x0000000093200000| PB 0x0000000093200000| Untracked |  0
| 245|0x0000000093300000, 0x0000000093300000, 0x0000000093400000|  0%| F|  |TAMS 0x0000000093300000| PB 0x0000000093300000| Untracked |  0
| 246|0x0000000093400000, 0x0000000093400000, 0x0000000093500000|  0%| F|  |TAMS 0x0000000093400000| PB 0x0000000093400000| Untracked |  0
| 247|0x0000000093500000, 0x0000000093500000, 0x0000000093600000|  0%| F|  |TAMS 0x0000000093500000| PB 0x0000000093500000| Untracked |  0
| 248|0x0000000093600000, 0x0000000093600000, 0x0000000093700000|  0%| F|  |TAMS 0x0000000093600000| PB 0x0000000093600000| Untracked |  0
| 249|0x0000000093700000, 0x0000000093700000, 0x0000000093800000|  0%| F|  |TAMS 0x0000000093700000| PB 0x0000000093700000| Untracked |  0
| 250|0x0000000093800000, 0x0000000093800000, 0x0000000093900000|  0%| F|  |TAMS 0x0000000093800000| PB 0x0000000093800000| Untracked |  0
| 251|0x0000000093900000, 0x0000000093900000, 0x0000000093a00000|  0%| F|  |TAMS 0x0000000093900000| PB 0x0000000093900000| Untracked |  0
| 252|0x0000000093a00000, 0x0000000093a00000, 0x0000000093b00000|  0%| F|  |TAMS 0x0000000093a00000| PB 0x0000000093a00000| Untracked |  0
| 253|0x0000000093b00000, 0x0000000093b00000, 0x0000000093c00000|  0%| F|  |TAMS 0x0000000093b00000| PB 0x0000000093b00000| Untracked |  0
| 254|0x0000000093c00000, 0x0000000093c00000, 0x0000000093d00000|  0%| F|  |TAMS 0x0000000093c00000| PB 0x0000000093c00000| Untracked |  0
| 255|0x0000000093d00000, 0x0000000093d00000, 0x0000000093e00000|  0%| F|  |TAMS 0x0000000093d00000| PB 0x0000000093d00000| Untracked |  0
| 256|0x0000000093e00000, 0x0000000093e00000, 0x0000000093f00000|  0%| F|  |TAMS 0x0000000093e00000| PB 0x0000000093e00000| Untracked |  0
| 257|0x0000000093f00000, 0x0000000093f00000, 0x0000000094000000|  0%| F|  |TAMS 0x0000000093f00000| PB 0x0000000093f00000| Untracked |  0
| 258|0x0000000094000000, 0x0000000094000000, 0x0000000094100000|  0%| F|  |TAMS 0x0000000094000000| PB 0x0000000094000000| Untracked |  0
| 259|0x0000000094100000, 0x0000000094100000, 0x0000000094200000|  0%| F|  |TAMS 0x0000000094100000| PB 0x0000000094100000| Untracked |  0
| 260|0x0000000094200000, 0x0000000094200000, 0x0000000094300000|  0%| F|  |TAMS 0x0000000094200000| PB 0x0000000094200000| Untracked |  0
| 261|0x0000000094300000, 0x0000000094300000, 0x0000000094400000|  0%| F|  |TAMS 0x0000000094300000| PB 0x0000000094300000| Untracked |  0
| 262|0x0000000094400000, 0x0000000094400000, 0x0000000094500000|  0%| F|  |TAMS 0x0000000094400000| PB 0x0000000094400000| Untracked |  0
| 263|0x0000000094500000, 0x0000000094500000, 0x0000000094600000|  0%| F|  |TAMS 0x0000000094500000| PB 0x0000000094500000| Untracked |  0
| 264|0x0000000094600000, 0x0000000094600000, 0x0000000094700000|  0%| F|  |TAMS 0x0000000094600000| PB 0x0000000094600000| Untracked |  0
| 265|0x0000000094700000, 0x0000000094700000, 0x0000000094800000|  0%| F|  |TAMS 0x0000000094700000| PB 0x0000000094700000| Untracked |  0
| 266|0x0000000094800000, 0x0000000094800000, 0x0000000094900000|  0%| F|  |TAMS 0x0000000094800000| PB 0x0000000094800000| Untracked |  0
| 267|0x0000000094900000, 0x0000000094900000, 0x0000000094a00000|  0%| F|  |TAMS 0x0000000094900000| PB 0x0000000094900000| Untracked |  0
| 268|0x0000000094a00000, 0x0000000094a00000, 0x0000000094b00000|  0%| F|  |TAMS 0x0000000094a00000| PB 0x0000000094a00000| Untracked |  0
| 269|0x0000000094b00000, 0x0000000094b00000, 0x0000000094c00000|  0%| F|  |TAMS 0x0000000094b00000| PB 0x0000000094b00000| Untracked |  0
| 270|0x0000000094c00000, 0x0000000094c00000, 0x0000000094d00000|  0%| F|  |TAMS 0x0000000094c00000| PB 0x0000000094c00000| Untracked |  0
| 271|0x0000000094d00000, 0x0000000094d00000, 0x0000000094e00000|  0%| F|  |TAMS 0x0000000094d00000| PB 0x0000000094d00000| Untracked |  0
| 272|0x0000000094e00000, 0x0000000094e00000, 0x0000000094f00000|  0%| F|  |TAMS 0x0000000094e00000| PB 0x0000000094e00000| Untracked |  0
| 273|0x0000000094f00000, 0x0000000094f00000, 0x0000000095000000|  0%| F|  |TAMS 0x0000000094f00000| PB 0x0000000094f00000| Untracked |  0
| 274|0x0000000095000000, 0x0000000095000000, 0x0000000095100000|  0%| F|  |TAMS 0x0000000095000000| PB 0x0000000095000000| Untracked |  0
| 275|0x0000000095100000, 0x0000000095100000, 0x0000000095200000|  0%| F|  |TAMS 0x0000000095100000| PB 0x0000000095100000| Untracked |  0
| 276|0x0000000095200000, 0x0000000095200000, 0x0000000095300000|  0%| F|  |TAMS 0x0000000095200000| PB 0x0000000095200000| Untracked |  0
| 277|0x0000000095300000, 0x0000000095300000, 0x0000000095400000|  0%| F|  |TAMS 0x0000000095300000| PB 0x0000000095300000| Untracked |  0
| 278|0x0000000095400000, 0x0000000095400000, 0x0000000095500000|  0%| F|  |TAMS 0x0000000095400000| PB 0x0000000095400000| Untracked |  0
| 279|0x0000000095500000, 0x0000000095500000, 0x0000000095600000|  0%| F|  |TAMS 0x0000000095500000| PB 0x0000000095500000| Untracked |  0
| 280|0x0000000095600000, 0x0000000095600000, 0x0000000095700000|  0%| F|  |TAMS 0x0000000095600000| PB 0x0000000095600000| Untracked |  0
| 281|0x0000000095700000, 0x0000000095700000, 0x0000000095800000|  0%| F|  |TAMS 0x0000000095700000| PB 0x0000000095700000| Untracked |  0
| 282|0x0000000095800000, 0x0000000095800000, 0x0000000095900000|  0%| F|  |TAMS 0x0000000095800000| PB 0x0000000095800000| Untracked |  0
| 283|0x0000000095900000, 0x0000000095900000, 0x0000000095a00000|  0%| F|  |TAMS 0x0000000095900000| PB 0x0000000095900000| Untracked |  0
| 284|0x0000000095a00000, 0x0000000095a00000, 0x0000000095b00000|  0%| F|  |TAMS 0x0000000095a00000| PB 0x0000000095a00000| Untracked |  0
| 285|0x0000000095b00000, 0x0000000095b00000, 0x0000000095c00000|  0%| F|  |TAMS 0x0000000095b00000| PB 0x0000000095b00000| Untracked |  0
| 286|0x0000000095c00000, 0x0000000095c00000, 0x0000000095d00000|  0%| F|  |TAMS 0x0000000095c00000| PB 0x0000000095c00000| Untracked |  0
| 287|0x0000000095d00000, 0x0000000095d00000, 0x0000000095e00000|  0%| F|  |TAMS 0x0000000095d00000| PB 0x0000000095d00000| Untracked |  0
| 288|0x0000000095e00000, 0x0000000095e00000, 0x0000000095f00000|  0%| F|  |TAMS 0x0000000095e00000| PB 0x0000000095e00000| Untracked |  0
| 289|0x0000000095f00000, 0x0000000095f00000, 0x0000000096000000|  0%| F|  |TAMS 0x0000000095f00000| PB 0x0000000095f00000| Untracked |  0
| 290|0x0000000096000000, 0x0000000096000000, 0x0000000096100000|  0%| F|  |TAMS 0x0000000096000000| PB 0x0000000096000000| Untracked |  0
| 291|0x0000000096100000, 0x0000000096100000, 0x0000000096200000|  0%| F|  |TAMS 0x0000000096100000| PB 0x0000000096100000| Untracked |  0
| 292|0x0000000096200000, 0x0000000096200000, 0x0000000096300000|  0%| F|  |TAMS 0x0000000096200000| PB 0x0000000096200000| Untracked |  0
| 293|0x0000000096300000, 0x0000000096300000, 0x0000000096400000|  0%| F|  |TAMS 0x0000000096300000| PB 0x0000000096300000| Untracked |  0
| 294|0x0000000096400000, 0x0000000096400000, 0x0000000096500000|  0%| F|  |TAMS 0x0000000096400000| PB 0x0000000096400000| Untracked |  0
| 295|0x0000000096500000, 0x0000000096500000, 0x0000000096600000|  0%| F|  |TAMS 0x0000000096500000| PB 0x0000000096500000| Untracked |  0
| 296|0x0000000096600000, 0x0000000096600000, 0x0000000096700000|  0%| F|  |TAMS 0x0000000096600000| PB 0x0000000096600000| Untracked |  0
| 297|0x0000000096700000, 0x0000000096700000, 0x0000000096800000|  0%| F|  |TAMS 0x0000000096700000| PB 0x0000000096700000| Untracked |  0
| 298|0x0000000096800000, 0x0000000096800000, 0x0000000096900000|  0%| F|  |TAMS 0x0000000096800000| PB 0x0000000096800000| Untracked |  0
| 299|0x0000000096900000, 0x0000000096900000, 0x0000000096a00000|  0%| F|  |TAMS 0x0000000096900000| PB 0x0000000096900000| Untracked |  0
| 300|0x0000000096a00000, 0x0000000096a00000, 0x0000000096b00000|  0%| F|  |TAMS 0x0000000096a00000| PB 0x0000000096a00000| Untracked |  0
| 301|0x0000000096b00000, 0x0000000096b00000, 0x0000000096c00000|  0%| F|  |TAMS 0x0000000096b00000| PB 0x0000000096b00000| Untracked |  0
| 302|0x0000000096c00000, 0x0000000096c00000, 0x0000000096d00000|  0%| F|  |TAMS 0x0000000096c00000| PB 0x0000000096c00000| Untracked |  0
| 303|0x0000000096d00000, 0x0000000096d00000, 0x0000000096e00000|  0%| F|  |TAMS 0x0000000096d00000| PB 0x0000000096d00000| Untracked |  0
| 304|0x0000000096e00000, 0x0000000096e00000, 0x0000000096f00000|  0%| F|  |TAMS 0x0000000096e00000| PB 0x0000000096e00000| Untracked |  0
| 305|0x0000000096f00000, 0x0000000096f00000, 0x0000000097000000|  0%| F|  |TAMS 0x0000000096f00000| PB 0x0000000096f00000| Untracked |  0
| 306|0x0000000097000000, 0x0000000097000000, 0x0000000097100000|  0%| F|  |TAMS 0x0000000097000000| PB 0x0000000097000000| Untracked |  0
| 307|0x0000000097100000, 0x0000000097100000, 0x0000000097200000|  0%| F|  |TAMS 0x0000000097100000| PB 0x0000000097100000| Untracked |  0
| 308|0x0000000097200000, 0x00000000972c1428, 0x0000000097300000| 75%| E|  |TAMS 0x0000000097200000| PB 0x0000000097200000| Complete |  0
| 309|0x0000000097300000, 0x0000000097400000, 0x0000000097400000|100%| E|CS|TAMS 0x0000000097300000| PB 0x0000000097300000| Complete |  0
| 310|0x0000000097400000, 0x0000000097500000, 0x0000000097500000|100%| E|CS|TAMS 0x0000000097400000| PB 0x0000000097400000| Complete |  0
| 311|0x0000000097500000, 0x0000000097600000, 0x0000000097600000|100%| E|CS|TAMS 0x0000000097500000| PB 0x0000000097500000| Complete |  0
| 312|0x0000000097600000, 0x0000000097700000, 0x0000000097700000|100%| E|CS|TAMS 0x0000000097600000| PB 0x0000000097600000| Complete |  0
| 313|0x0000000097700000, 0x0000000097800000, 0x0000000097800000|100%| E|CS|TAMS 0x0000000097700000| PB 0x0000000097700000| Complete |  0
| 314|0x0000000097800000, 0x0000000097900000, 0x0000000097900000|100%| E|CS|TAMS 0x0000000097800000| PB 0x0000000097800000| Complete |  0
| 315|0x0000000097900000, 0x0000000097a00000, 0x0000000097a00000|100%| E|CS|TAMS 0x0000000097900000| PB 0x0000000097900000| Complete |  0
| 316|0x0000000097a00000, 0x0000000097b00000, 0x0000000097b00000|100%| E|CS|TAMS 0x0000000097a00000| PB 0x0000000097a00000| Complete |  0
| 317|0x0000000097b00000, 0x0000000097c00000, 0x0000000097c00000|100%| E|CS|TAMS 0x0000000097b00000| PB 0x0000000097b00000| Complete |  0
| 318|0x0000000097c00000, 0x0000000097d00000, 0x0000000097d00000|100%| E|CS|TAMS 0x0000000097c00000| PB 0x0000000097c00000| Complete |  0
| 319|0x0000000097d00000, 0x0000000097e00000, 0x0000000097e00000|100%| E|CS|TAMS 0x0000000097d00000| PB 0x0000000097d00000| Complete |  0
| 320|0x0000000097e00000, 0x0000000097f00000, 0x0000000097f00000|100%| E|CS|TAMS 0x0000000097e00000| PB 0x0000000097e00000| Complete |  0
| 321|0x0000000097f00000, 0x0000000098000000, 0x0000000098000000|100%| E|CS|TAMS 0x0000000097f00000| PB 0x0000000097f00000| Complete |  0
| 322|0x0000000098000000, 0x0000000098100000, 0x0000000098100000|100%| E|CS|TAMS 0x0000000098000000| PB 0x0000000098000000| Complete |  0
| 323|0x0000000098100000, 0x0000000098200000, 0x0000000098200000|100%| E|CS|TAMS 0x0000000098100000| PB 0x0000000098100000| Complete |  0
| 324|0x0000000098200000, 0x0000000098300000, 0x0000000098300000|100%| E|CS|TAMS 0x0000000098200000| PB 0x0000000098200000| Complete |  0
| 325|0x0000000098300000, 0x0000000098400000, 0x0000000098400000|100%| E|CS|TAMS 0x0000000098300000| PB 0x0000000098300000| Complete |  0
| 326|0x0000000098400000, 0x0000000098500000, 0x0000000098500000|100%| E|CS|TAMS 0x0000000098400000| PB 0x0000000098400000| Complete |  0

Card table byte_map: [0x00000178afeb0000,0x00000178b02a0000] _byte_map_base: 0x00000178afa91000

Marking Bits: (CMBitMap*) 0x00000178983c4c80
 Bits: [0x00000178b02a0000, 0x00000178b21a8000)

Polling page: 0x0000017896240000

Metaspace:

Usage:
  Non-class:     13.25 MB used.
      Class:      1.79 MB used.
       Both:     15.04 MB used.

Virtual space:
  Non-class space:       64.00 MB reserved,      13.56 MB ( 21%) committed,  1 nodes.
      Class space:        1.00 GB reserved,       2.06 MB ( <1%) committed,  1 nodes.
             Both:        1.06 GB reserved,      15.62 MB (  1%) committed. 

Chunk freelists:
   Non-Class:  2.08 MB
       Class:  14.00 MB
        Both:  16.08 MB

MaxMetaspaceSize: unlimited
CompressedClassSpaceSize: 1.00 GB
Initial GC threshold: 21.00 MB
Current GC threshold: 21.00 MB
CDS: on
 - commit_granule_bytes: 65536.
 - commit_granule_words: 8192.
 - virtual_space_node_default_size: 8388608.
 - enlarge_chunks_in_place: 1.
 - use_allocation_guard: 0.


Internal statistics:

num_allocs_failed_limit: 0.
num_arena_births: 708.
num_arena_deaths: 0.
num_vsnodes_births: 2.
num_vsnodes_deaths: 0.
num_space_committed: 250.
num_space_uncommitted: 0.
num_chunks_returned_to_freelist: 0.
num_chunks_taken_from_freelist: 862.
num_chunk_merges: 0.
num_chunk_splits: 545.
num_chunks_enlarged: 260.
num_inconsistent_stats: 0.

CodeHeap 'non-profiled nmethods': size=120064Kb used=1588Kb max_used=1588Kb free=118475Kb
 bounds [0x00000178a8580000, 0x00000178a87f0000, 0x00000178afac0000]
CodeHeap 'profiled nmethods': size=120000Kb used=4949Kb max_used=4949Kb free=115051Kb
 bounds [0x00000178a0ac0000, 0x00000178a0fa0000, 0x00000178a7ff0000]
CodeHeap 'non-nmethods': size=5696Kb used=1777Kb max_used=1835Kb free=3918Kb
 bounds [0x00000178a7ff0000, 0x00000178a8260000, 0x00000178a8580000]
CodeCache: size=245760Kb, used=8314Kb, max_used=8372Kb, free=237444Kb
 total_blobs=4272, nmethods=3450, adapters=714, full_count=0
Compilation: enabled, stopped_count=0, restarted_count=0

Compilation events (20 events):
Event: 494.142 Thread 0x00000178b47725f0 nmethod 3573 0x00000178a0f93808 code [0x00000178a0f93940, 0x00000178a0f93c08]
Event: 494.785 Thread 0x00000178b477d590 3574       4       sun.font.CompositeGlyphMapper::charsToGlyphsNS (166 bytes)
Event: 494.796 Thread 0x00000178b477d590 nmethod 3574 0x00000178a870ab88 code [0x00000178a870acc0, 0x00000178a870afb0]
Event: 494.829 Thread 0x00000178b477d590 3575       4       javax.swing.SwingUtilities::computeIntersection (189 bytes)
Event: 494.832 Thread 0x00000178b477d590 nmethod 3575 0x00000178a870b008 code [0x00000178a870b100, 0x00000178a870b208]
Event: 498.073 Thread 0x00000178b47725f0 3576       3       sun.awt.image.IntegerInterleavedRaster::<init> (170 bytes)
Event: 498.075 Thread 0x00000178b477d590 3579       4       java.awt.ComponentOrientation::isLeftToRight (15 bytes)
Event: 498.075 Thread 0x00000178b47725f0 nmethod 3576 0x00000178a0f93c88 code [0x00000178a0f93e20, 0x00000178a0f946a8]
Event: 498.075 Thread 0x00000178b47725f0 3577       3       java.awt.image.WritableRaster::<init> (12 bytes)
Event: 498.076 Thread 0x00000178b47725f0 nmethod 3577 0x00000178a0f94708 code [0x00000178a0f94820, 0x00000178a0f94958]
Event: 498.076 Thread 0x00000178b47725f0 3578       3       java.awt.image.Raster::<init> (207 bytes)
Event: 498.077 Thread 0x00000178b477d590 nmethod 3579 0x00000178a870b308 code [0x00000178a870b400, 0x00000178a870b4a0]
Event: 498.078 Thread 0x00000178b47725f0 nmethod 3578 0x00000178a0f94a08 code [0x00000178a0f94be0, 0x00000178a0f953b8]
Event: 502.253 Thread 0x00000178b477d590 3580       4       sun.awt.WeakIdentityHashMap::get (19 bytes)
Event: 502.268 Thread 0x00000178b477d590 nmethod 3580 0x00000178a870b608 code [0x00000178a870b7a0, 0x00000178a870bd18]
Event: 506.077 Thread 0x00000178b477d590 3581       4       java.awt.KeyboardFocusManager::getCurrentKeyboardFocusManager (7 bytes)
Event: 506.082 Thread 0x00000178b477d590 nmethod 3581 0x00000178a870be08 code [0x00000178a870bf40, 0x00000178a870c338]
Event: 506.221 Thread 0x00000178b477d590 3582       4       java.awt.EventQueue::setCurrentEventAndMostRecentTime (8 bytes)
Event: 506.236 Thread 0x00000178b477d590 nmethod 3582 0x00000178a870c388 code [0x00000178a870c580, 0x00000178a870d0c8]
Event: 506.389 Thread 0x00000178b477d590 3583       4       java.awt.Component::dispatchEventImpl (785 bytes)

GC Heap History (20 events):
Event: 0.551 GC heap before
{Heap before GC invocations=0 (full 0):
 garbage-first heap   total reserved 2033664K, committed 129024K, used 59392K [0x0000000083e00000, 0x0000000100000000)
  region size 1024K, 14 young (14336K), 0 survivors (0K)
 Metaspace       used 4974K, committed 5248K, reserved 1114112K
  class space    used 544K, committed 704K, reserved 1048576K
}
Event: 0.554 GC heap after
{Heap after GC invocations=1 (full 0):
 garbage-first heap   total reserved 2033664K, committed 129024K, used 47744K [0x0000000083e00000, 0x0000000100000000)
  region size 1024K, 2 young (2048K), 2 survivors (2048K)
 Metaspace       used 4974K, committed 5248K, reserved 1114112K
  class space    used 544K, committed 704K, reserved 1048576K
}
Event: 0.725 GC heap before
{Heap before GC invocations=1 (full 0):
 garbage-first heap   total reserved 2033664K, committed 129024K, used 61056K [0x0000000083e00000, 0x0000000100000000)
  region size 1024K, 16 young (16384K), 2 survivors (2048K)
 Metaspace       used 4978K, committed 5248K, reserved 1114112K
  class space    used 544K, committed 704K, reserved 1048576K
}
Event: 0.727 GC heap after
{Heap after GC invocations=2 (full 0):
 garbage-first heap   total reserved 2033664K, committed 129024K, used 47702K [0x0000000083e00000, 0x0000000100000000)
  region size 1024K, 1 young (1024K), 1 survivors (1024K)
 Metaspace       used 4978K, committed 5248K, reserved 1114112K
  class space    used 544K, committed 704K, reserved 1048576K
}
Event: 0.836 GC heap before
{Heap before GC invocations=2 (full 0):
 garbage-first heap   total reserved 2033664K, committed 129024K, used 88662K [0x0000000083e00000, 0x0000000100000000)
  region size 1024K, 41 young (41984K), 1 survivors (1024K)
 Metaspace       used 4978K, committed 5248K, reserved 1114112K
  class space    used 544K, committed 704K, reserved 1048576K
}
Event: 0.836 GC heap after
{Heap after GC invocations=3 (full 0):
 garbage-first heap   total reserved 2033664K, committed 129024K, used 47646K [0x0000000083e00000, 0x0000000100000000)
  region size 1024K, 1 young (1024K), 1 survivors (1024K)
 Metaspace       used 4978K, committed 5248K, reserved 1114112K
  class space    used 544K, committed 704K, reserved 1048576K
}
Event: 57.763 GC heap before
{Heap before GC invocations=3 (full 0):
 garbage-first heap   total reserved 2033664K, committed 129024K, used 60958K [0x0000000083e00000, 0x0000000100000000)
  region size 1024K, 12 young (12288K), 1 survivors (1024K)
 Metaspace       used 9696K, committed 9920K, reserved 1114112K
  class space    used 1180K, committed 1280K, reserved 1048576K
}
Event: 57.765 GC heap after
{Heap after GC invocations=4 (full 0):
 garbage-first heap   total reserved 2033664K, committed 129024K, used 51649K [0x0000000083e00000, 0x0000000100000000)
  region size 1024K, 1 young (1024K), 1 survivors (1024K)
 Metaspace       used 9696K, committed 9920K, reserved 1114112K
  class space    used 1180K, committed 1280K, reserved 1048576K
}
Event: 57.941 GC heap before
{Heap before GC invocations=4 (full 0):
 garbage-first heap   total reserved 2033664K, committed 129024K, used 127425K [0x0000000083e00000, 0x0000000100000000)
  region size 1024K, 19 young (19456K), 1 survivors (1024K)
 Metaspace       used 9702K, committed 9920K, reserved 1114112K
  class space    used 1180K, committed 1280K, reserved 1048576K
}
Event: 57.942 GC heap after
{Heap after GC invocations=5 (full 0):
 garbage-first heap   total reserved 2033664K, committed 130048K, used 110092K [0x0000000083e00000, 0x0000000100000000)
  region size 1024K, 1 young (1024K), 1 survivors (1024K)
 Metaspace       used 9702K, committed 9920K, reserved 1114112K
  class space    used 1180K, committed 1280K, reserved 1048576K
}
Event: 57.965 GC heap before
{Heap before GC invocations=5 (full 0):
 garbage-first heap   total reserved 2033664K, committed 130048K, used 121356K [0x0000000083e00000, 0x0000000100000000)
  region size 1024K, 12 young (12288K), 1 survivors (1024K)
 Metaspace       used 9703K, committed 9920K, reserved 1114112K
  class space    used 1180K, committed 1280K, reserved 1048576K
}
Event: 57.966 GC heap after
{Heap after GC invocations=6 (full 0):
 garbage-first heap   total reserved 2033664K, committed 130048K, used 110036K [0x0000000083e00000, 0x0000000100000000)
  region size 1024K, 1 young (1024K), 1 survivors (1024K)
 Metaspace       used 9703K, committed 9920K, reserved 1114112K
  class space    used 1180K, committed 1280K, reserved 1048576K
}
Event: 57.994 GC heap before
{Heap before GC invocations=7 (full 0):
 garbage-first heap   total reserved 2033664K, committed 184320K, used 120276K [0x0000000083e00000, 0x0000000100000000)
  region size 1024K, 12 young (12288K), 1 survivors (1024K)
 Metaspace       used 9703K, committed 9920K, reserved 1114112K
  class space    used 1180K, committed 1280K, reserved 1048576K
}
Event: 57.995 GC heap after
{Heap after GC invocations=8 (full 0):
 garbage-first heap   total reserved 2033664K, committed 184320K, used 110060K [0x0000000083e00000, 0x0000000100000000)
  region size 1024K, 1 young (1024K), 1 survivors (1024K)
 Metaspace       used 9703K, committed 9920K, reserved 1114112K
  class space    used 1180K, committed 1280K, reserved 1048576K
}
Event: 205.716 GC heap before
{Heap before GC invocations=8 (full 0):
 garbage-first heap   total reserved 2033664K, committed 184320K, used 132588K [0x0000000083e00000, 0x0000000100000000)
  region size 1024K, 25 young (25600K), 1 survivors (1024K)
 Metaspace       used 10166K, committed 10432K, reserved 1114112K
  class space    used 1201K, committed 1344K, reserved 1048576K
}
Event: 205.718 GC heap after
{Heap after GC invocations=9 (full 0):
 garbage-first heap   total reserved 2033664K, committed 184320K, used 110773K [0x0000000083e00000, 0x0000000100000000)
  region size 1024K, 2 young (2048K), 2 survivors (2048K)
 Metaspace       used 10166K, committed 10432K, reserved 1114112K
  class space    used 1201K, committed 1344K, reserved 1048576K
}
Event: 206.111 GC heap before
{Heap before GC invocations=10 (full 0):
 garbage-first heap   total reserved 2033664K, committed 324608K, used 251061K [0x0000000083e00000, 0x0000000100000000)
  region size 1024K, 59 young (60416K), 2 survivors (2048K)
 Metaspace       used 10167K, committed 10432K, reserved 1114112K
  class space    used 1201K, committed 1344K, reserved 1048576K
}
Event: 206.113 GC heap after
{Heap after GC invocations=11 (full 0):
 garbage-first heap   total reserved 2033664K, committed 324608K, used 193693K [0x0000000083e00000, 0x0000000100000000)
  region size 1024K, 2 young (2048K), 2 survivors (2048K)
 Metaspace       used 10167K, committed 10432K, reserved 1114112K
  class space    used 1201K, committed 1344K, reserved 1048576K
}
Event: 252.399 GC heap before
{Heap before GC invocations=11 (full 0):
 garbage-first heap   total reserved 2033664K, committed 324608K, used 265373K [0x0000000083e00000, 0x0000000100000000)
  region size 1024K, 74 young (75776K), 2 survivors (2048K)
 Metaspace       used 12085K, committed 12352K, reserved 1114112K
  class space    used 1402K, committed 1536K, reserved 1048576K
}
Event: 252.402 GC heap after
{Heap after GC invocations=12 (full 0):
 garbage-first heap   total reserved 2033664K, committed 324608K, used 196774K [0x0000000083e00000, 0x0000000100000000)
  region size 1024K, 5 young (5120K), 5 survivors (5120K)
 Metaspace       used 12085K, committed 12352K, reserved 1114112K
  class space    used 1402K, committed 1536K, reserved 1048576K
}

Dll operation events (15 events):
Event: 0.022 Loaded shared library C:\Program Files\Java\jdk-23\bin\java.dll
Event: 0.099 Loaded shared library C:\Program Files\Java\jdk-23\bin\jsvml.dll
Event: 0.147 Loaded shared library C:\Program Files\Java\jdk-23\bin\zip.dll
Event: 0.152 Loaded shared library C:\Program Files\Java\jdk-23\bin\instrument.dll
Event: 0.159 Loaded shared library C:\Program Files\Java\jdk-23\bin\net.dll
Event: 0.161 Loaded shared library C:\Program Files\Java\jdk-23\bin\nio.dll
Event: 0.166 Loaded shared library C:\Program Files\Java\jdk-23\bin\zip.dll
Event: 0.192 Loaded shared library C:\Program Files\Java\jdk-23\bin\extnet.dll
Event: 0.195 Loaded shared library C:\Program Files\Java\jdk-23\bin\jimage.dll
Event: 0.217 Loaded shared library C:\Program Files\Java\jdk-23\bin\awt.dll
Event: 0.456 Loaded shared library C:\Program Files\Java\jdk-23\bin\javajpeg.dll
Event: 1.546 Loaded shared library C:\Program Files\Java\jdk-23\bin\freetype.dll
Event: 1.548 Loaded shared library C:\Program Files\Java\jdk-23\bin\fontmanager.dll
Event: 252.599 Loaded shared library C:\Windows\System32\ucrtbase.dll
Event: 252.601 Loaded shared library C:\Program Files\Java\jdk-23\bin\syslookup.dll

Deoptimization events (20 events):
Event: 477.633 Thread 0x00000178b4b64540 Uncommon trap: trap_request=0xffffff45 fr.pc=0x00000178a8628d7c relative=0x00000000000000dc
Event: 477.633 Thread 0x00000178b4b64540 Uncommon trap: reason=unstable_if action=reinterpret pc=0x00000178a8628d7c method=java.lang.String.getBytes([BIB)V @ 5 c2
Event: 477.633 Thread 0x00000178b4b64540 DEOPT PACKING pc=0x00000178a8628d7c sp=0x0000005e03efd130
Event: 477.633 Thread 0x00000178b4b64540 DEOPT UNPACKING pc=0x00000178a8044402 sp=0x0000005e03efd0d8 mode 2
Event: 505.020 Thread 0x00000178b4b64540 Uncommon trap: trap_request=0xffffffde fr.pc=0x00000178a86eaaf4 relative=0x0000000000003fb4
Event: 505.021 Thread 0x00000178b4b64540 Uncommon trap: reason=class_check action=maybe_recompile pc=0x00000178a86eaaf4 method=java.awt.Component.dispatchEventImpl(Ljava/awt/AWTEvent;)V @ 201 c2
Event: 505.021 Thread 0x00000178b4b64540 DEOPT PACKING pc=0x00000178a86eaaf4 sp=0x0000005e03efed70
Event: 505.021 Thread 0x00000178b4b64540 DEOPT UNPACKING pc=0x00000178a8044402 sp=0x0000005e03efed30 mode 2
Event: 505.068 Thread 0x00000178b4b64540 Uncommon trap: trap_request=0xffffffde fr.pc=0x00000178a86eaaf4 relative=0x0000000000003fb4
Event: 505.068 Thread 0x00000178b4b64540 Uncommon trap: reason=class_check action=maybe_recompile pc=0x00000178a86eaaf4 method=java.awt.Component.dispatchEventImpl(Ljava/awt/AWTEvent;)V @ 201 c2
Event: 505.068 Thread 0x00000178b4b64540 DEOPT PACKING pc=0x00000178a86eaaf4 sp=0x0000005e03efed70
Event: 505.068 Thread 0x00000178b4b64540 DEOPT UNPACKING pc=0x00000178a8044402 sp=0x0000005e03efed30 mode 2
Event: 505.100 Thread 0x00000178b4b64540 Uncommon trap: trap_request=0xffffffde fr.pc=0x00000178a86eaaf4 relative=0x0000000000003fb4
Event: 505.100 Thread 0x00000178b4b64540 Uncommon trap: reason=class_check action=maybe_recompile pc=0x00000178a86eaaf4 method=java.awt.Component.dispatchEventImpl(Ljava/awt/AWTEvent;)V @ 201 c2
Event: 505.100 Thread 0x00000178b4b64540 DEOPT PACKING pc=0x00000178a86eaaf4 sp=0x0000005e03efed70
Event: 505.100 Thread 0x00000178b4b64540 DEOPT UNPACKING pc=0x00000178a8044402 sp=0x0000005e03efed30 mode 2
Event: 505.140 Thread 0x00000178b4b64540 Uncommon trap: trap_request=0xffffffde fr.pc=0x00000178a86eaaf4 relative=0x0000000000003fb4
Event: 505.140 Thread 0x00000178b4b64540 Uncommon trap: reason=class_check action=maybe_recompile pc=0x00000178a86eaaf4 method=java.awt.Component.dispatchEventImpl(Ljava/awt/AWTEvent;)V @ 201 c2
Event: 505.140 Thread 0x00000178b4b64540 DEOPT PACKING pc=0x00000178a86eaaf4 sp=0x0000005e03efed70
Event: 505.140 Thread 0x00000178b4b64540 DEOPT UNPACKING pc=0x00000178a8044402 sp=0x0000005e03efed30 mode 2

Classes loaded (20 events):
Event: 252.783 Loading class jdk/internal/foreign/HeapMemorySegmentImpl$OfChar
Event: 252.783 Loading class jdk/internal/foreign/HeapMemorySegmentImpl$OfChar done
Event: 252.787 Loading class jdk/internal/foreign/layout/ValueLayouts$AbstractValueLayout$1VarHandleCache
Event: 252.787 Loading class jdk/internal/foreign/layout/ValueLayouts$AbstractValueLayout$1VarHandleCache done
Event: 252.788 Loading class java/lang/invoke/VarHandleSegmentAsLongs
Event: 252.788 Loading class java/lang/invoke/VarHandleSegmentAsLongs done
Event: 252.789 Loading class java/lang/invoke/BoundMethodHandle$Species_LJJ
Event: 252.789 Loading class java/lang/invoke/BoundMethodHandle$Species_LJJ done
Event: 252.794 Loading class java/lang/invoke/VarHandles$1
Event: 252.794 Loading class java/lang/invoke/VarHandles$1 done
Event: 252.812 Loading class java/lang/invoke/BoundMethodHandle$Species_LLLLJ
Event: 252.812 Loading class java/lang/invoke/BoundMethodHandle$Species_LLLLJ done
Event: 252.814 Loading class sun/font/StandardGlyphVector
Event: 252.815 Loading class java/awt/font/GlyphVector
Event: 252.815 Loading class java/awt/font/GlyphVector done
Event: 252.815 Loading class sun/font/StandardGlyphVector done
Event: 252.815 Loading class java/awt/font/TextLine$TextLineMetrics
Event: 252.815 Loading class java/awt/font/TextLine$TextLineMetrics done
Event: 336.036 Loading class java/security/DomainCombiner
Event: 336.036 Loading class java/security/DomainCombiner done

Classes unloaded (0 events):
No events

Classes redefined (0 events):
No events

Internal exceptions (20 events):
Event: 252.767 Thread 0x00000178b4b64540 Exception <a 'java/lang/NoSuchMethodError'{0x0000000097f8f978}: 'java.lang.Object java.lang.invoke.DirectMethodHandle$Holder.invokeSpecial(java.lang.Object, java.lang.Object, java.lang.Object, long, long)'> (0x0000000097f8f978) 
thrown [s\open\src\hotspot\share\interpreter\linkResolver.cpp, line 796]
Event: 252.772 Thread 0x00000178b4b64540 Exception <a 'java/lang/NoSuchMethodError'{0x0000000097faddf8}: 'int java.lang.invoke.DirectMethodHandle$Holder.invokeStatic(java.lang.Object, java.lang.Object, int, java.lang.Object)'> (0x0000000097faddf8) 
thrown [s\open\src\hotspot\share\interpreter\linkResolver.cpp, line 796]
Event: 252.772 Thread 0x00000178b4b64540 Exception <a 'java/lang/NoSuchMethodError'{0x0000000097fb1c10}: 'int java.lang.invoke.DirectMethodHandle$Holder.invokeSpecial(java.lang.Object, java.lang.Object, java.lang.Object, int, java.lang.Object)'> (0x0000000097fb1c10) 
thrown [s\open\src\hotspot\share\interpreter\linkResolver.cpp, line 796]
Event: 252.773 Thread 0x00000178b4b64540 Exception <a 'java/lang/NoSuchMethodError'{0x0000000097fb53d0}: 'int java.lang.invoke.DelegatingMethodHandle$Holder.reinvoke_L(java.lang.Object, java.lang.Object, int, java.lang.Object)'> (0x0000000097fb53d0) 
thrown [s\open\src\hotspot\share\interpreter\linkResolver.cpp, line 796]
Event: 252.776 Thread 0x00000178b4b64540 Exception <a 'java/lang/NoSuchMethodError'{0x0000000097fcdd08}: 'int java.lang.invoke.DelegatingMethodHandle$Holder.reinvoke_L(java.lang.Object, java.lang.Object, int, long)'> (0x0000000097fcdd08) 
thrown [s\open\src\hotspot\share\interpreter\linkResolver.cpp, line 796]
Event: 252.776 Thread 0x00000178b4b64540 Exception <a 'java/lang/NoSuchMethodError'{0x0000000097fd49d8}: 'int java.lang.invoke.DirectMethodHandle$Holder.invokeSpecial(java.lang.Object, java.lang.Object, int, long)'> (0x0000000097fd49d8) 
thrown [s\open\src\hotspot\share\interpreter\linkResolver.cpp, line 796]
Event: 252.777 Thread 0x00000178b4b64540 Exception <a 'java/lang/NoSuchMethodError'{0x0000000097fd7fc8}: 'int java.lang.invoke.Invokers$Holder.exactInvoker(java.lang.Object, java.lang.Object, int, long)'> (0x0000000097fd7fc8) 
thrown [s\open\src\hotspot\share\interpreter\linkResolver.cpp, line 796]
Event: 252.777 Thread 0x00000178b4b64540 Exception <a 'java/lang/NoSuchMethodError'{0x0000000097fdbb50}: 'int java.lang.invoke.DelegatingMethodHandle$Holder.delegate(java.lang.Object, java.lang.Object, int, long)'> (0x0000000097fdbb50) 
thrown [s\open\src\hotspot\share\interpreter\linkResolver.cpp, line 796]
Event: 252.783 Thread 0x00000178b4b64540 Exception <a 'java/lang/NoSuchMethodError'{0x0000000097ffb810}: 'void java.lang.invoke.DirectMethodHandle$Holder.invokeSpecial(java.lang.Object, java.lang.Object, float, java.lang.Object, java.lang.Object, java.lang.Object, int, int, int, int, int, float, float, int, int, java.lang.Object, java.lang.Object)'> (0x0000000097ffb810) 
thrown [s\open\src\hotspot\share\interpreter\linkResolver.cpp, line 796]
Event: 252.785 Thread 0x00000178b4b64540 Exception <a 'java/lang/NoSuchMethodError'{0x0000000097e0bbf0}: 'int java.lang.invoke.DirectMethodHandle$Holder.invokeSpecial(java.lang.Object, java.lang.Object, int, java.lang.Object)'> (0x0000000097e0bbf0) 
thrown [s\open\src\hotspot\share\interpreter\linkResolver.cpp, line 796]
Event: 252.785 Thread 0x00000178b4b64540 Exception <a 'java/lang/NoSuchMethodError'{0x0000000097e0f220}: 'int java.lang.invoke.Invokers$Holder.invokeExact_MT(java.lang.Object, int, java.lang.Object, java.lang.Object)'> (0x0000000097e0f220) 
thrown [s\open\src\hotspot\share\interpreter\linkResolver.cpp, line 796]
Event: 252.786 Thread 0x00000178b4b64540 Exception <a 'java/lang/NoSuchMethodError'{0x0000000097e12d58}: 'java.lang.Object java.lang.invoke.Invokers$Holder.invokeExact_MT(java.lang.Object, long, java.lang.Object)'> (0x0000000097e12d58) 
thrown [s\open\src\hotspot\share\interpreter\linkResolver.cpp, line 796]
Event: 252.789 Thread 0x00000178b4b64540 Exception <a 'java/lang/NoSuchMethodError'{0x0000000097e26d90}: 'java.lang.Object java.lang.invoke.DelegatingMethodHandle$Holder.reinvoke_L(java.lang.Object, long, long, long)'> (0x0000000097e26d90) 
thrown [s\open\src\hotspot\share\interpreter\linkResolver.cpp, line 796]
Event: 252.791 Thread 0x00000178b4b64540 Exception <a 'java/lang/NoSuchMethodError'{0x0000000097e3c588}: 'java.lang.Object java.lang.invoke.DirectMethodHandle$Holder.invokeStatic(java.lang.Object, java.lang.Object, java.lang.Object, java.lang.Object, long, long)'> (0x0000000097e3c588) 
thrown [s\open\src\hotspot\share\interpreter\linkResolver.cpp, line 796]
Event: 252.795 Thread 0x00000178b4b64540 Exception <a 'java/lang/NoSuchMethodError'{0x0000000097e67d30}: 'void java.lang.invoke.DelegatingMethodHandle$Holder.reinvoke_L(java.lang.Object, java.lang.Object, java.lang.Object, long, long)'> (0x0000000097e67d30) 
thrown [s\open\src\hotspot\share\interpreter\linkResolver.cpp, line 796]
Event: 252.796 Thread 0x00000178b4b64540 Exception <a 'java/lang/NoSuchMethodError'{0x0000000097e73288}: 'void java.lang.invoke.DirectMethodHandle$Holder.invokeSpecial(java.lang.Object, java.lang.Object, java.lang.Object, long)'> (0x0000000097e73288) 
thrown [s\open\src\hotspot\share\interpreter\linkResolver.cpp, line 796]
Event: 252.805 Thread 0x00000178b4b64540 Exception <a 'java/lang/NoSuchMethodError'{0x0000000097e95c40}: 'void java.lang.invoke.DelegatingMethodHandle$Holder.reinvoke_L(java.lang.Object, java.lang.Object, java.lang.Object, long, int)'> (0x0000000097e95c40) 
thrown [s\open\src\hotspot\share\interpreter\linkResolver.cpp, line 796]
Event: 252.807 Thread 0x00000178b4b64540 Exception <a 'java/lang/NoSuchMethodError'{0x0000000097ea8578}: 'int java.lang.invoke.Invokers$Holder.invokeExact_MT(java.lang.Object, java.lang.Object, java.lang.Object, int, java.lang.Object, java.lang.Object)'> (0x0000000097ea8578) 
thrown [s\open\src\hotspot\share\interpreter\linkResolver.cpp, line 796]
Event: 252.810 Thread 0x00000178b4b64540 Exception <a 'java/lang/NoSuchMethodError'{0x0000000097ec1710}: 'int java.lang.invoke.DelegatingMethodHandle$Holder.reinvoke_L(java.lang.Object, java.lang.Object, java.lang.Object, long)'> (0x0000000097ec1710) 
thrown [s\open\src\hotspot\share\interpreter\linkResolver.cpp, line 796]
Event: 252.812 Thread 0x00000178b4b64540 Exception <a 'java/lang/NoSuchMethodError'{0x0000000097ee2678}: 'java.lang.Object java.lang.invoke.DirectMethodHandle$Holder.invokeStatic(java.lang.Object, java.lang.Object, java.lang.Object, java.lang.Object, java.lang.Object, java.lang.Object, java.lang.Object, long)'> (0x0000000097ee2678) 
thrown [s\open\src\hotspot\share\interpreter\linkResolver.cpp, line 796]

VM Operations (20 events):
Event: 252.755 Executing VM operation: HandshakeAllThreads (Deoptimize)
Event: 252.755 Executing VM operation: HandshakeAllThreads (Deoptimize) done
Event: 252.759 Executing VM operation: HandshakeAllThreads (Deoptimize)
Event: 252.759 Executing VM operation: HandshakeAllThreads (Deoptimize) done
Event: 300.697 Executing VM operation: HandshakeAllThreads (HandshakeForDeflation)
Event: 300.697 Executing VM operation: HandshakeAllThreads (HandshakeForDeflation) done
Event: 300.697 Executing VM operation: RendezvousGCThreads
Event: 300.697 Executing VM operation: RendezvousGCThreads done
Event: 360.751 Executing VM operation: HandshakeAllThreads (HandshakeForDeflation)
Event: 360.751 Executing VM operation: HandshakeAllThreads (HandshakeForDeflation) done
Event: 360.751 Executing VM operation: RendezvousGCThreads
Event: 360.751 Executing VM operation: RendezvousGCThreads done
Event: 420.778 Executing VM operation: HandshakeAllThreads (HandshakeForDeflation)
Event: 420.778 Executing VM operation: HandshakeAllThreads (HandshakeForDeflation) done
Event: 420.778 Executing VM operation: RendezvousGCThreads
Event: 420.778 Executing VM operation: RendezvousGCThreads done
Event: 480.824 Executing VM operation: HandshakeAllThreads (HandshakeForDeflation)
Event: 480.824 Executing VM operation: HandshakeAllThreads (HandshakeForDeflation) done
Event: 480.824 Executing VM operation: RendezvousGCThreads
Event: 480.824 Executing VM operation: RendezvousGCThreads done

Memory protections (0 events):
No events

Nmethod flushes (20 events):
Event: 252.409 Thread 0x00000178b474b6b0 flushing  nmethod 0x00000178a0b5fa08
Event: 252.409 Thread 0x00000178b474b6b0 flushing  nmethod 0x00000178a0b82388
Event: 252.409 Thread 0x00000178b474b6b0 flushing  nmethod 0x00000178a0b92188
Event: 252.409 Thread 0x00000178b474b6b0 flushing  nmethod 0x00000178a0b92c08
Event: 252.409 Thread 0x00000178b474b6b0 flushing  nmethod 0x00000178a0ba5388
Event: 252.409 Thread 0x00000178b474b6b0 flushing  nmethod 0x00000178a0ba5b88
Event: 252.409 Thread 0x00000178b474b6b0 flushing  nmethod 0x00000178a0ba6c08
Event: 252.409 Thread 0x00000178b474b6b0 flushing  nmethod 0x00000178a0ba8488
Event: 252.409 Thread 0x00000178b474b6b0 flushing  nmethod 0x00000178a0c16e88
Event: 252.409 Thread 0x00000178b474b6b0 flushing  nmethod 0x00000178a0c19408
Event: 252.409 Thread 0x00000178b474b6b0 flushing  nmethod 0x00000178a0b31e08
Event: 252.409 Thread 0x00000178b474b6b0 flushing  nmethod 0x00000178a0b8c888
Event: 252.409 Thread 0x00000178b474b6b0 flushing  nmethod 0x00000178a0b8d688
Event: 252.409 Thread 0x00000178b474b6b0 flushing  nmethod 0x00000178a0b8e808
Event: 252.409 Thread 0x00000178b474b6b0 flushing  nmethod 0x00000178a0b8f208
Event: 252.409 Thread 0x00000178b474b6b0 flushing  nmethod 0x00000178a0b8f508
Event: 252.409 Thread 0x00000178b474b6b0 flushing  nmethod 0x00000178a0b9dc08
Event: 252.409 Thread 0x00000178b474b6b0 flushing  nmethod 0x00000178a0bdc508
Event: 252.409 Thread 0x00000178b474b6b0 flushing  nmethod 0x00000178a0bfcc08
Event: 252.409 Thread 0x00000178b474b6b0 flushing osr nmethod 0x00000178a0bfde88

Events (20 events):
Event: 0.447 Thread 0x000001789836c040 Thread added: 0x00000178b4b22210
Event: 0.867 Thread 0x00000178b477d590 Thread added: 0x00000178b4b67920
Event: 1.244 Thread 0x00000178b4b67920 Thread exited: 0x00000178b4b67920
Event: 1.321 Thread 0x00000178b4abe010 Thread exited: 0x00000178b4abe010
Event: 1.505 Thread 0x00000178b4ac1750 Thread added: 0x00000178b4bedf00
Event: 1.514 Thread 0x00000178b4ac1750 Thread added: 0x00000178b4b64540
Event: 1.656 Thread 0x000001789836c040 Thread exited: 0x000001789836c040
Event: 1.656 Thread 0x000001789836c040 Thread added: 0x000001789836c040
Event: 6.492 Thread 0x00000178b4b22210 Thread exited: 0x00000178b4b22210
Event: 57.650 Thread 0x00000178b4b64540 Thread added: 0x00000178fc6c79f0
Event: 63.410 Thread 0x00000178fc6c79f0 Thread exited: 0x00000178fc6c79f0
Event: 205.678 Thread 0x00000178b4b64540 Thread added: 0x00000178b4bc1e60
Event: 207.125 Thread 0x00000178b4b64540 Thread added: 0x00000178b4bc2b80
Event: 211.992 Thread 0x00000178b4bc1e60 Thread exited: 0x00000178b4bc1e60
Event: 223.135 Thread 0x00000178b4b64540 Thread added: 0x00000178b4bc17d0
Event: 229.584 Thread 0x00000178b4bc17d0 Thread exited: 0x00000178b4bc17d0
Event: 252.229 Thread 0x00000178b47725f0 Thread added: 0x00000178b4a1d580
Event: 253.537 Thread 0x00000178b4a1d580 Thread exited: 0x00000178b4a1d580
Event: 477.639 Thread 0x00000178b477d590 Thread added: 0x00000178fb1bc4e0
Event: 479.848 Thread 0x00000178fb1bc4e0 Thread exited: 0x00000178fb1bc4e0


Dynamic libraries:
0x00007ff7a83c0000 - 0x00007ff7a83d0000 	C:\Program Files\Java\jdk-23\bin\java.exe
0x00007ffe89830000 - 0x00007ffe89a27000 	C:\WINDOWS\SYSTEM32\ntdll.dll
0x00007ffe88410000 - 0x00007ffe884cd000 	C:\WINDOWS\System32\KERNEL32.DLL
0x00007ffe86f10000 - 0x00007ffe87206000 	C:\WINDOWS\System32\KERNELBASE.dll
0x00007ffe87330000 - 0x00007ffe87430000 	C:\WINDOWS\System32\ucrtbase.dll
0x00007ffe820f0000 - 0x00007ffe8210b000 	C:\Program Files\Java\jdk-23\bin\VCRUNTIME140.dll
0x00007ffe81fd0000 - 0x00007ffe81fe7000 	C:\Program Files\Java\jdk-23\bin\jli.dll
0x00007ffe88c90000 - 0x00007ffe88e2e000 	C:\WINDOWS\System32\USER32.dll
0x00007ffe87560000 - 0x00007ffe87582000 	C:\WINDOWS\System32\win32u.dll
0x00007ffe88e30000 - 0x00007ffe88e5c000 	C:\WINDOWS\System32\GDI32.dll
0x00007ffe6f9d0000 - 0x00007ffe6fc6a000 	C:\WINDOWS\WinSxS\amd64_microsoft.windows.common-controls_6595b64144ccf1df_6.0.19041.3570_none_60bb2a3971f3e41a\COMCTL32.dll
0x00007ffe87210000 - 0x00007ffe8732a000 	C:\WINDOWS\System32\gdi32full.dll
0x00007ffe87600000 - 0x00007ffe8769d000 	C:\WINDOWS\System32\msvcp_win.dll
0x00007ffe88e60000 - 0x00007ffe88efe000 	C:\WINDOWS\System32\msvcrt.dll
0x00007ffe87b80000 - 0x00007ffe87bb0000 	C:\WINDOWS\System32\IMM32.DLL
0x00007ffe820e0000 - 0x00007ffe820ec000 	C:\Program Files\Java\jdk-23\bin\vcruntime140_1.dll
0x00007ffe62790000 - 0x00007ffe6281e000 	C:\Program Files\Java\jdk-23\bin\msvcp140.dll
0x00007ffe43f80000 - 0x00007ffe44cd0000 	C:\Program Files\Java\jdk-23\bin\server\jvm.dll
0x00007ffe88be0000 - 0x00007ffe88c8e000 	C:\WINDOWS\System32\ADVAPI32.dll
0x00007ffe878a0000 - 0x00007ffe8793c000 	C:\WINDOWS\System32\sechost.dll
0x00007ffe879c0000 - 0x00007ffe87ae6000 	C:\WINDOWS\System32\RPCRT4.dll
0x00007ffe88f10000 - 0x00007ffe88f7b000 	C:\WINDOWS\System32\WS2_32.dll
0x00007ffe86d70000 - 0x00007ffe86dbb000 	C:\WINDOWS\SYSTEM32\POWRPROF.dll
0x00007ffe7b940000 - 0x00007ffe7b967000 	C:\WINDOWS\SYSTEM32\WINMM.dll
0x00007ffe70d90000 - 0x00007ffe70d9a000 	C:\WINDOWS\SYSTEM32\VERSION.dll
0x00007ffe86d50000 - 0x00007ffe86d62000 	C:\WINDOWS\SYSTEM32\UMPDC.dll
0x00007ffe85740000 - 0x00007ffe85752000 	C:\WINDOWS\SYSTEM32\kernel.appcore.dll
0x00007ffe82080000 - 0x00007ffe8208a000 	C:\Program Files\Java\jdk-23\bin\jimage.dll
0x00007ffe84b30000 - 0x00007ffe84d14000 	C:\WINDOWS\SYSTEM32\DBGHELP.DLL
0x00007ffe6eee0000 - 0x00007ffe6ef14000 	C:\WINDOWS\SYSTEM32\dbgcore.DLL
0x00007ffe876a0000 - 0x00007ffe87722000 	C:\WINDOWS\System32\bcryptPrimitives.dll
0x00007ffe802c0000 - 0x00007ffe802cf000 	C:\Program Files\Java\jdk-23\bin\instrument.dll
0x00007ffe77b80000 - 0x00007ffe77b9e000 	C:\Program Files\Java\jdk-23\bin\java.dll
0x00007ffe895e0000 - 0x00007ffe8970b000 	C:\WINDOWS\System32\ole32.dll
0x00007ffe88680000 - 0x00007ffe889d4000 	C:\WINDOWS\System32\combase.dll
0x00007ffe87bb0000 - 0x00007ffe882f4000 	C:\WINDOWS\System32\SHELL32.dll
0x00007ffe84f90000 - 0x00007ffe8572b000 	C:\WINDOWS\SYSTEM32\windows.storage.dll
0x00007ffe86880000 - 0x00007ffe868ad000 	C:\WINDOWS\SYSTEM32\Wldp.dll
0x00007ffe88300000 - 0x00007ffe883ad000 	C:\WINDOWS\System32\SHCORE.dll
0x00007ffe883b0000 - 0x00007ffe88405000 	C:\WINDOWS\System32\shlwapi.dll
0x00007ffe86e40000 - 0x00007ffe86e65000 	C:\WINDOWS\SYSTEM32\profapi.dll
0x00007ffe62560000 - 0x00007ffe62637000 	C:\Program Files\Java\jdk-23\bin\jsvml.dll
0x00007ffe772b0000 - 0x00007ffe772c7000 	C:\Program Files\Java\jdk-23\bin\zip.dll
0x00007ffe7f350000 - 0x00007ffe7f360000 	C:\Program Files\Java\jdk-23\bin\net.dll
0x00007ffe865e0000 - 0x00007ffe8664a000 	C:\WINDOWS\system32\mswsock.dll
0x00007ffe72620000 - 0x00007ffe72636000 	C:\Program Files\Java\jdk-23\bin\nio.dll
0x00007ffe77b50000 - 0x00007ffe77b59000 	C:\Program Files\Java\jdk-23\bin\extnet.dll
0x00007ffe5fb40000 - 0x00007ffe5fcce000 	C:\Program Files\Java\jdk-23\bin\awt.dll
0x00007ffe889e0000 - 0x00007ffe88aad000 	C:\WINDOWS\System32\OLEAUT32.dll
0x00007ffe84410000 - 0x00007ffe844a0000 	C:\WINDOWS\SYSTEM32\apphelp.dll
0x00007ffe846f0000 - 0x00007ffe8471f000 	C:\WINDOWS\system32\DWMAPI.DLL
0x00007ffe84510000 - 0x00007ffe845ae000 	C:\WINDOWS\system32\uxtheme.dll
0x00007ffe61a30000 - 0x00007ffe61b55000 	C:\WINDOWS\system32\opengl32.dll
0x00007ffe81550000 - 0x00007ffe8157c000 	C:\WINDOWS\SYSTEM32\GLU32.dll
0x00007ffe88ac0000 - 0x00007ffe88bd4000 	C:\WINDOWS\System32\MSCTF.dll
0x00007ffe690e0000 - 0x00007ffe6910e000 	C:\Program Files\Java\jdk-23\bin\javajpeg.dll
0x00007ffe5fab0000 - 0x00007ffe5fb37000 	C:\Program Files\Java\jdk-23\bin\freetype.dll
0x00007ffe5f1a0000 - 0x00007ffe5f277000 	C:\Program Files\Java\jdk-23\bin\fontmanager.dll
0x00007ffe7a5b0000 - 0x00007ffe7a6aa000 	C:\WINDOWS\SYSTEM32\textinputframework.dll
0x00007ffe83cf0000 - 0x00007ffe8404b000 	C:\WINDOWS\System32\CoreUIComponents.dll
0x00007ffe84050000 - 0x00007ffe84142000 	C:\WINDOWS\System32\CoreMessaging.dll
0x00007ffe86010000 - 0x00007ffe86043000 	C:\WINDOWS\SYSTEM32\ntmarta.dll
0x00007ffe82800000 - 0x00007ffe82955000 	C:\WINDOWS\SYSTEM32\wintypes.dll
0x00007ffe89470000 - 0x00007ffe89519000 	C:\WINDOWS\System32\clbcatq.dll
0x00007ffe80a30000 - 0x00007ffe80be4000 	C:\WINDOWS\SYSTEM32\WindowsCodecs.dll
0x00007ffe874e0000 - 0x00007ffe87507000 	C:\WINDOWS\System32\bcrypt.dll
0x00007ffe5c630000 - 0x00007ffe5c66e000 	C:\WINDOWS\system32\dataexchange.dll
0x00007ffe83780000 - 0x00007ffe83963000 	C:\WINDOWS\system32\dcomp.dll
0x00007ffe82f10000 - 0x00007ffe83173000 	C:\WINDOWS\system32\d3d11.dll
0x00007ffe857b0000 - 0x00007ffe858a3000 	C:\WINDOWS\system32\dxgi.dll
0x00007ffe80d20000 - 0x00007ffe80f27000 	C:\WINDOWS\system32\twinapi.appcore.dll
0x00007ffe77a70000 - 0x00007ffe77a79000 	C:\Program Files\Java\jdk-23\bin\syslookup.dll

dbghelp: loaded successfully - version: 4.0.5 - missing functions: none
symbol engine: initialized successfully - sym options: 0x614 - pdb path: .;C:\Program Files\Java\jdk-23\bin;C:\WINDOWS\SYSTEM32;C:\WINDOWS\WinSxS\amd64_microsoft.windows.common-controls_6595b64144ccf1df_6.0.19041.3570_none_60bb2a3971f3e41a;C:\Program Files\Java\jdk-23\bin\server

VM Arguments:
jvm_args: --enable-preview -javaagent:C:\Program Files\JetBrains\IntelliJ IDEA 2025.3.3\lib\idea_rt.jar=37034 -Dfile.encoding=UTF-8 -Dsun.stdout.encoding=UTF-8 -Dsun.stderr.encoding=UTF-8 
java_command: Welcome
java_class_path (initial): C:\Users\administrator\Documents\Alan Nhanala\Alan Nhanala\ISCTEM\Ensino Universit嫫io\VII Semestre - 2026 (SEMI-FINAL)\1. Algorithms & Data Structures\P R A T I C A\Trabalho Pratico II\C鏚igos\Supermarket\out\production\Supermarket
Launcher Type: SUN_STANDARD

[Global flags]
     intx CICompilerCount                          = 3                                         {product} {ergonomic}
     uint ConcGCThreads                            = 1                                         {product} {ergonomic}
     uint G1ConcRefinementThreads                  = 4                                         {product} {ergonomic}
   size_t G1HeapRegionSize                         = 1048576                                   {product} {ergonomic}
   size_t InitialHeapSize                          = 132120576                                 {product} {ergonomic}
   size_t MarkStackSize                            = 4194304                                   {product} {ergonomic}
   size_t MarkStackSizeMax                         = 536870912                                 {product} {ergonomic}
   size_t MaxHeapSize                              = 2082471936                                {product} {ergonomic}
   size_t MaxNewSize                               = 1248854016                                {product} {ergonomic}
   size_t MinHeapDeltaBytes                        = 1048576                                   {product} {ergonomic}
   size_t MinHeapSize                              = 8388608                                   {product} {ergonomic}
    uintx NonNMethodCodeHeapSize                   = 5832704                                {pd product} {ergonomic}
    uintx NonProfiledCodeHeapSize                  = 122945536                              {pd product} {ergonomic}
    uintx ProfiledCodeHeapSize                     = 122880000                              {pd product} {ergonomic}
    uintx ReservedCodeCacheSize                    = 251658240                              {pd product} {ergonomic}
     bool SegmentedCodeCache                       = true                                      {product} {ergonomic}
   size_t SoftMaxHeapSize                          = 2082471936                             {manageable} {ergonomic}
     bool UseCompressedOops                        = true                           {product lp64_product} {ergonomic}
     bool UseG1GC                                  = true                                      {product} {ergonomic}
     bool UseLargePagesIndividualAllocation        = false                                  {pd product} {ergonomic}

Logging:
Log output configuration:
 #0: stdout all=warning uptime,level,tags foldmultilines=false
 #1: stderr all=off uptime,level,tags foldmultilines=false

Environment Variables:
PATH=C:\Program Files (x86)\Common Files\Intel\Shared Libraries\redist\intel64_win\compiler;C:\Program Files\Common Files\Oracle\Java\javapath;C:\WINDOWS\system32;C:\WINDOWS;C:\WINDOWS\System32\Wbem;C:\WINDOWS\System32\WindowsPowerShell\v1.0\;C:\WINDOWS\System32\OpenSSH\;C:\Program Files\Git\cmd;C:\Program Files\MySQL\MySQL Server 8.0\bin;;C:\Program Files\Gpg4win\..\GnuPG\bin;C:\Program Files\MySQL\MySQL Shell 8.0\bin\;C:\Users\administrator\AppData\Local\Programs\Python\Launcher\;C:\Users\administrator\AppData\Local\Microsoft\WindowsApps;C:\Users\administrator\AppData\Local\Programs\Microsoft VS Code\bin;C:\Program Files\JetBrains\IntelliJ IDEA 2025.3.3\bin;C:\Program Files (x86)\Nmap
USERNAME=administrator
OS=Windows_NT
PROCESSOR_IDENTIFIER=Intel64 Family 6 Model 190 Stepping 0, GenuineIntel
TMP=C:\Users\ADMINI~1\AppData\Local\Temp
TEMP=C:\Users\ADMINI~1\AppData\Local\Temp




Periodic native trim disabled

---------------  S Y S T E M  ---------------

OS:
 Windows 10 , 64 bit Build 19041 (10.0.19041.3570)
OS uptime: 0 days 15:56 hours

CPU: total 4 (initial active 4) (4 cores per cpu, 1 threads per core) family 6 model 190 stepping 0 microcode 0xe, cx8, cmov, fxsr, mmx, 3dnowpref, sse, sse2, sse3, ssse3, sse4.1, sse4.2, popcnt, lzcnt, tsc, tscinvbit, avx, avx2, aes, erms, clmul, bmi1, bmi2, adx, sha, fma, vzeroupper, clflush, clflushopt, clwb, serialize, rdtscp, rdpid, fsrm, gfni, f16c, pku, cet_ibt, cet_ss
Processor Information for the first 4 processors :
  Max Mhz: 800, Current Mhz: 800, Mhz Limit: 800

Memory: 4k page, system-wide physical 7936M (644M free)
TotalPageFile size 32512M (AvailPageFile size 5M)
current process WorkingSet (physical memory assigned to process): 351M, peak: 409M
current process commit charge ("private bytes"): 441M, peak: 482M

vm_info: Java HotSpot(TM) 64-Bit Server VM (23.0.2+7-58) for windows-amd64 JRE (23.0.2+7-58), built on 2024-11-29T09:34:55Z with MS VC++ 17.6 (VS2022)

END.
